[INFO ] 2019-11-21 19:31:44.099 [AWT-EventQueue-0] SystemAdminWorkAreaJPanel - SystemAdminWorkAreaJPanel loaded successfully
[INFO ] 2019-11-23 17:45:11.459 [AWT-EventQueue-0] SystemAdminWorkAreaJPanel - SystemAdminWorkAreaJPanel loaded successfully
[INFO ] 2019-11-23 17:45:13.672 [AWT-EventQueue-0] ManageEnterpriseJPanel - ManageEnterpriseJPanel loaded successfully
[INFO ] 2019-11-23 17:45:27.005 [AWT-EventQueue-0] ManageEnterpriseJPanel - ManageEnterpriseJPanel loaded successfully
[INFO ] 2019-11-23 17:46:51.989 [AWT-EventQueue-0] ManageEnterpriseAdminJPanel - ManageEnterpriseAdminJPanel loaded successfully
[INFO ] 2019-11-23 17:47:07.464 [AWT-EventQueue-0] ManageEnterpriseAdminJPanel - ManageEnterpriseAdminJPanel loaded successfully
[INFO ] 2019-11-25 20:41:29.954 [AWT-EventQueue-0] SystemAdminWorkAreaJPanel - SystemAdminWorkAreaJPanel loaded successfully
[INFO ] 2019-11-25 20:41:34.232 [AWT-EventQueue-0] ManageEnterpriseJPanel - ManageEnterpriseJPanel loaded successfully
[INFO ] 2019-11-25 20:46:10.077 [AWT-EventQueue-0] SystemAdminWorkAreaJPanel - SystemAdminWorkAreaJPanel loaded successfully
[INFO ] 2019-11-25 20:46:13.729 [AWT-EventQueue-0] ManageEnterpriseJPanel - ManageEnterpriseJPanel loaded successfully
[INFO ] 2019-11-25 20:50:21.688 [AWT-EventQueue-0] SystemAdminWorkAreaJPanel - SystemAdminWorkAreaJPanel loaded successfully
[INFO ] 2019-11-25 20:50:24.074 [AWT-EventQueue-0] ManageEnterpriseJPanel - ManageEnterpriseJPanel loaded successfully
[INFO ] 2019-11-25 20:50:43.844 [AWT-EventQueue-0] ManageEnterpriseJPanel - Enterprise with the given name already exists in this network! Please check.
[INFO ] 2019-11-25 20:54:56.534 [AWT-EventQueue-0] SystemAdminWorkAreaJPanel - SystemAdminWorkAreaJPanel loaded successfully
[INFO ] 2019-11-25 20:54:58.369 [AWT-EventQueue-0] ManageEnterpriseJPanel - ManageEnterpriseJPanel loaded successfully
[INFO ] 2019-11-25 20:55:09.003 [AWT-EventQueue-0] ManageEnterpriseJPanel - Enterprise created successfully.
[INFO ] 2019-11-25 20:56:30.702 [AWT-EventQueue-0] ManageEnterpriseAdminJPanel - ManageEnterpriseAdminJPanel loaded successfully
[INFO ] 2019-11-25 20:56:42.560 [AWT-EventQueue-0] ManageEnterpriseJPanel - ManageEnterpriseJPanel loaded successfully
[INFO ] 2019-11-25 20:56:48.391 [AWT-EventQueue-0] ManageEnterpriseAdminJPanel - ManageEnterpriseAdminJPanel loaded successfully
[INFO ] 2019-11-25 21:16:52.330 [AWT-EventQueue-0] SystemAdminWorkAreaJPanel - SystemAdminWorkAreaJPanel loaded successfully
[INFO ] 2019-11-25 21:16:53.892 [AWT-EventQueue-0] ManageEnterpriseJPanel - ManageEnterpriseJPanel loaded successfully
[INFO ] 2019-11-25 21:17:06.104 [AWT-EventQueue-0] ManageEnterpriseJPanel - Enterprise created successfully.
[INFO ] 2019-11-25 21:17:09.691 [AWT-EventQueue-0] ManageEnterpriseJPanel - ManageEnterpriseJPanel loaded successfully
[INFO ] 2019-11-25 21:17:13.032 [AWT-EventQueue-0] ManageEnterpriseAdminJPanel - ManageEnterpriseAdminJPanel loaded successfully
[INFO ] 2019-11-25 21:19:15.962 [AWT-EventQueue-0] SystemAdminWorkAreaJPanel - SystemAdminWorkAreaJPanel loaded successfully
[INFO ] 2019-11-25 21:19:17.494 [AWT-EventQueue-0] ManageEnterpriseJPanel - ManageEnterpriseJPanel loaded successfully
[INFO ] 2019-11-25 21:19:22.532 [AWT-EventQueue-0] ManageEnterpriseAdminJPanel - ManageEnterpriseAdminJPanel loaded successfully
[INFO ] 2019-11-25 21:25:57.076 [pool-2-thread-1] ManageEnterpriseAdminJPanel - Executor task started
[INFO ] 2019-11-25 21:25:59.669 [AWT-EventQueue-0] ManageEnterpriseAdminJPanel - User created successfully. Please check email for login credentials.
[INFO ] 2019-11-25 21:31:44.932 [AWT-EventQueue-0] ManageOrganizationJPanel - ManageOrganizationJPanel loaded successfully
[INFO ] 2019-11-25 23:23:24.615 [AWT-EventQueue-0] ManageOrganizationJPanel - ManageOrganizationJPanel loaded successfully
[INFO ] 2019-11-25 23:27:30.086 [AWT-EventQueue-0] ManageOrganizationJPanel - ManageOrganizationJPanel loaded successfully
[INFO ] 2019-11-25 23:29:12.490 [AWT-EventQueue-0] AdminWorkAreaJPanel - Please create an organization before creating an enpterprise
[INFO ] 2019-11-25 23:29:13.452 [AWT-EventQueue-0] ManageOrganizationJPanel - ManageOrganizationJPanel loaded successfully
[INFO ] 2019-11-25 23:33:51.707 [AWT-EventQueue-0] ManageOrganizationJPanel - ManageOrganizationJPanel loaded successfully
[INFO ] 2019-11-25 23:35:12.018 [AWT-EventQueue-0] ManageOrganizationJPanel - ManageOrganizationJPanel loaded successfully
[INFO ] 2019-11-25 23:36:37.326 [AWT-EventQueue-0] ManageOrganizationJPanel - ManageOrganizationJPanel loaded successfully
[INFO ] 2019-11-25 23:39:25.824 [AWT-EventQueue-0] SystemAdminWorkAreaJPanel - SystemAdminWorkAreaJPanel loaded successfully
[INFO ] 2019-11-25 23:39:29.388 [AWT-EventQueue-0] ManageEnterpriseJPanel - ManageEnterpriseJPanel loaded successfully
[INFO ] 2019-11-25 23:39:40.948 [AWT-EventQueue-0] ManageEnterpriseJPanel - Enterprise created successfully.
[INFO ] 2019-11-25 23:39:43.853 [AWT-EventQueue-0] ManageEnterpriseJPanel - ManageEnterpriseJPanel loaded successfully
[INFO ] 2019-11-25 23:39:58.262 [AWT-EventQueue-0] ManageEnterpriseAdminJPanel - ManageEnterpriseAdminJPanel loaded successfully
[INFO ] 2019-11-25 23:40:28.569 [pool-2-thread-1] ManageEnterpriseAdminJPanel - Executor task started
[INFO ] 2019-11-25 23:40:30.731 [AWT-EventQueue-0] ManageEnterpriseAdminJPanel - User created successfully. Please check email for login credentials.
[INFO ] 2019-11-25 23:40:55.426 [AWT-EventQueue-0] ManageOrganizationJPanel - ManageOrganizationJPanel loaded successfully
[INFO ] 2019-11-25 23:42:41.869 [AWT-EventQueue-0] ManageOrganizationJPanel - ManageOrganizationJPanel loaded successfully
[INFO ] 2019-11-25 23:45:13.328 [AWT-EventQueue-0] ManageOrganizationJPanel - ManageOrganizationJPanel loaded successfully
[INFO ] 2019-11-25 23:51:43.427 [AWT-EventQueue-0] ManageOrganizationJPanel - ManageOrganizationJPanel loaded successfully
[INFO ] 2019-11-25 23:55:58.281 [AWT-EventQueue-0] ManageOrganizationJPanel - ManageOrganizationJPanel loaded successfully
[INFO ] 2019-11-25 23:56:34.717 [AWT-EventQueue-0] ManageOrganizationJPanel - ManageOrganizationJPanel loaded successfully
[INFO ] 2019-11-26 00:05:02.585 [AWT-EventQueue-0] ManageOrganizationJPanel - ManageOrganizationJPanel loaded successfully
[INFO ] 2019-11-26 00:14:32.940 [AWT-EventQueue-0] ManageOrganizationJPanel - ManageOrganizationJPanel loaded successfully
[INFO ] 2019-11-26 00:18:39.146 [AWT-EventQueue-0] SystemAdminWorkAreaJPanel - SystemAdminWorkAreaJPanel loaded successfully
[INFO ] 2019-11-26 00:18:40.409 [AWT-EventQueue-0] ManageEnterpriseJPanel - ManageEnterpriseJPanel loaded successfully
[INFO ] 2019-11-26 00:18:57.599 [AWT-EventQueue-0] ManageEnterpriseJPanel - Enterprise created successfully.
[INFO ] 2019-11-26 00:19:19.047 [AWT-EventQueue-0] ManageEnterpriseAdminJPanel - ManageEnterpriseAdminJPanel loaded successfully
[INFO ] 2019-11-26 00:19:42.270 [pool-2-thread-1] ManageEnterpriseAdminJPanel - Executor task started
[INFO ] 2019-11-26 00:19:43.782 [AWT-EventQueue-0] ManageEnterpriseAdminJPanel - User created successfully. Please check email for login credentials.
[INFO ] 2019-11-26 00:20:03.591 [AWT-EventQueue-0] ManageOrganizationJPanel - ManageOrganizationJPanel loaded successfully
[INFO ] 2019-11-26 00:20:47.038 [AWT-EventQueue-0] ManageOrganizationJPanel - ManageOrganizationJPanel loaded successfully
[INFO ] 2019-11-26 00:25:26.494 [AWT-EventQueue-0] SystemAdminWorkAreaJPanel - SystemAdminWorkAreaJPanel loaded successfully
[INFO ] 2019-11-26 00:25:51.173 [AWT-EventQueue-0] ManageEnterpriseJPanel - ManageEnterpriseJPanel loaded successfully
[INFO ] 2019-11-26 00:26:01.468 [AWT-EventQueue-0] ManageEnterpriseJPanel - Enterprise created successfully.
[INFO ] 2019-11-26 00:26:16.203 [AWT-EventQueue-0] ManageEnterpriseAdminJPanel - ManageEnterpriseAdminJPanel loaded successfully
[INFO ] 2019-11-26 00:26:40.150 [pool-2-thread-1] ManageEnterpriseAdminJPanel - Executor task started
[INFO ] 2019-11-26 00:26:41.503 [AWT-EventQueue-0] ManageEnterpriseAdminJPanel - User created successfully. Please check email for login credentials.
[INFO ] 2019-11-26 00:26:46.981 [AWT-EventQueue-0] ManageEnterpriseAdminJPanel - ManageEnterpriseAdminJPanel loaded successfully
[INFO ] 2019-11-26 00:27:13.854 [AWT-EventQueue-0] ManageOrganizationJPanel - ManageOrganizationJPanel loaded successfully
[INFO ] 2019-11-26 00:27:36.348 [AWT-EventQueue-0] ManageOrganizationJPanel - Organization created successfully
[INFO ] 2019-11-26 00:27:49.338 [AWT-EventQueue-0] ManageOrganizationJPanel - Organization created successfully
[INFO ] 2019-11-26 18:42:53.025 [AWT-EventQueue-0] SystemAdminWorkAreaJPanel - SystemAdminWorkAreaJPanel loaded successfully
[INFO ] 2019-11-26 18:42:54.933 [AWT-EventQueue-0] ManageEnterpriseJPanel - ManageEnterpriseJPanel loaded successfully
[INFO ] 2019-11-26 18:43:02.361 [AWT-EventQueue-0] ManageEnterpriseAdminJPanel - ManageEnterpriseAdminJPanel loaded successfully
[INFO ] 2019-11-26 19:09:52.138 [AWT-EventQueue-0] SystemAdminWorkAreaJPanel - SystemAdminWorkAreaJPanel loaded successfully
[INFO ] 2019-11-26 19:09:53.412 [AWT-EventQueue-0] ManageEnterpriseJPanel - ManageEnterpriseJPanel loaded successfully
[INFO ] 2019-11-26 19:13:12.985 [AWT-EventQueue-0] ManageOrganizationJPanel - ManageOrganizationJPanel loaded successfully
[INFO ] 2019-11-26 19:13:38.234 [AWT-EventQueue-0] SystemAdminWorkAreaJPanel - SystemAdminWorkAreaJPanel loaded successfully
[INFO ] 2019-11-26 19:13:40.303 [AWT-EventQueue-0] ManageEnterpriseJPanel - ManageEnterpriseJPanel loaded successfully
[INFO ] 2019-11-26 19:14:12.402 [AWT-EventQueue-0] ManageEnterpriseJPanel - Enterprise created successfully.
[INFO ] 2019-11-26 19:14:17.222 [AWT-EventQueue-0] ManageEnterpriseAdminJPanel - ManageEnterpriseAdminJPanel loaded successfully
[INFO ] 2019-11-26 19:14:45.306 [pool-2-thread-1] ManageEnterpriseAdminJPanel - Executor task started
[INFO ] 2019-11-26 19:14:47.622 [AWT-EventQueue-0] ManageEnterpriseAdminJPanel - User created successfully. Please check email for login credentials.
[INFO ] 2019-11-26 19:15:25.304 [AWT-EventQueue-0] ManageOrganizationJPanel - ManageOrganizationJPanel loaded successfully
[INFO ] 2019-11-26 19:15:46.128 [AWT-EventQueue-0] ManageOrganizationJPanel - ManageOrganizationJPanel loaded successfully
[INFO ] 2019-11-26 19:15:57.940 [AWT-EventQueue-0] ManageOrganizationJPanel - Organization created successfully
[INFO ] 2019-11-26 19:16:05.582 [AWT-EventQueue-0] ManageOrganizationJPanel - Organization created successfully
[INFO ] 2019-11-26 19:43:16.450 [AWT-EventQueue-0] ManageEmployeeJPanel - ManageEmployeeJPanel successfully loaded
[INFO ] 2019-11-26 19:43:29.434 [AWT-EventQueue-0] ManageEmployeeJPanel - Employee created successfully.
[INFO ] 2019-11-26 19:43:42.290 [AWT-EventQueue-0] ManageEmployeeJPanel - Employee created successfully.
[INFO ] 2019-11-26 19:43:50.374 [AWT-EventQueue-0] ManageUserAccountJPanel - ManageUserAccountJPanel loaded successfully
[INFO ] 2019-11-26 19:44:43.884 [pool-3-thread-1] ManageUserAccountJPanel - Send email task started
[INFO ] 2019-11-26 19:44:45.669 [AWT-EventQueue-0] ManageUserAccountJPanel - User created successfully. Please check email for login credentials.
[INFO ] 2019-11-26 19:45:38.605 [pool-4-thread-1] ManageUserAccountJPanel - Send email task started
[INFO ] 2019-11-26 19:45:40.070 [AWT-EventQueue-0] ManageUserAccountJPanel - User created successfully. Please check email for login credentials.
[INFO ] 2019-11-26 19:46:12.549 [AWT-EventQueue-0] ProducerWorkAreaJPanel - Producer Work Area JPanel Loaded
[INFO ] 2019-11-26 19:46:51.779 [AWT-EventQueue-0] ProducerWorkAreaJPanel - Producer Work Area JPanel Loaded
[INFO ] 2019-11-26 19:53:15.472 [AWT-EventQueue-0] SystemAdminWorkAreaJPanel - SystemAdminWorkAreaJPanel loaded successfully
[INFO ] 2019-11-26 19:53:19.578 [AWT-EventQueue-0] ManageEnterpriseJPanel - ManageEnterpriseJPanel loaded successfully
[INFO ] 2019-11-26 19:54:05.011 [AWT-EventQueue-0] ManageEnterpriseJPanel - Enterprise created successfully.
[INFO ] 2019-11-26 19:54:08.913 [AWT-EventQueue-0] ManageEnterpriseAdminJPanel - ManageEnterpriseAdminJPanel loaded successfully
[INFO ] 2019-11-26 19:54:28.769 [pool-2-thread-1] ManageEnterpriseAdminJPanel - Executor task started
[INFO ] 2019-11-26 19:54:30.245 [AWT-EventQueue-0] ManageEnterpriseAdminJPanel - User created successfully. Please check email for login credentials.
[INFO ] 2019-11-26 19:55:51.717 [AWT-EventQueue-0] ManageOrganizationJPanel - ManageOrganizationJPanel loaded successfully
[INFO ] 2019-11-26 19:56:17.350 [AWT-EventQueue-0] ManageOrganizationJPanel - Organization created successfully
[INFO ] 2019-11-26 19:56:20.863 [AWT-EventQueue-0] ManageEmployeeJPanel - ManageEmployeeJPanel successfully loaded
[INFO ] 2019-11-26 19:56:33.013 [AWT-EventQueue-0] ManageEmployeeJPanel - Employee created successfully.
[INFO ] 2019-11-26 19:56:37.112 [AWT-EventQueue-0] ManageUserAccountJPanel - ManageUserAccountJPanel loaded successfully
[INFO ] 2019-11-26 19:57:12.335 [AWT-EventQueue-0] ManageUserAccountJPanel - ManageUserAccountJPanel loaded successfully
[INFO ] 2019-11-26 19:57:40.261 [AWT-EventQueue-0] ManageUserAccountJPanel - ManageUserAccountJPanel loaded successfully
[INFO ] 2019-11-26 19:59:30.757 [AWT-EventQueue-0] ManageOrganizationJPanel - ManageOrganizationJPanel loaded successfully
[INFO ] 2019-11-26 19:59:40.354 [AWT-EventQueue-0] ManageEmployeeJPanel - ManageEmployeeJPanel successfully loaded
[INFO ] 2019-11-26 19:59:49.973 [AWT-EventQueue-0] ManageUserAccountJPanel - ManageUserAccountJPanel loaded successfully
[INFO ] 2019-11-26 20:10:36.091 [AWT-EventQueue-0] ManageEmployeeJPanel - ManageEmployeeJPanel successfully loaded
[INFO ] 2019-11-27 14:27:16.601 [AWT-EventQueue-0] SystemAdminWorkAreaJPanel - SystemAdminWorkAreaJPanel loaded successfully
[INFO ] 2019-11-27 14:27:18.459 [AWT-EventQueue-0] ManageEnterpriseAdminJPanel - ManageEnterpriseAdminJPanel loaded successfully
[INFO ] 2019-11-27 14:27:34.768 [AWT-EventQueue-0] ManageNetworkJPanel - ManageNetworkJPanel loaded successfully
[INFO ] 2019-11-27 14:27:37.640 [AWT-EventQueue-0] ManageEnterpriseJPanel - ManageEnterpriseJPanel loaded successfully
[INFO ] 2019-11-27 14:27:48.644 [AWT-EventQueue-0] ManageEnterpriseAdminJPanel - ManageEnterpriseAdminJPanel loaded successfully
[INFO ] 2019-11-27 14:30:05.495 [AWT-EventQueue-0] SystemAdminWorkAreaJPanel - SystemAdminWorkAreaJPanel loaded successfully
[INFO ] 2019-11-27 14:30:07.203 [AWT-EventQueue-0] ManageEnterpriseJPanel - ManageEnterpriseJPanel loaded successfully
[INFO ] 2019-11-27 14:30:15.576 [AWT-EventQueue-0] ManageEnterpriseJPanel - ManageEnterpriseJPanel loaded successfully
[INFO ] 2019-11-27 14:30:19.744 [AWT-EventQueue-0] ManageEnterpriseAdminJPanel - ManageEnterpriseAdminJPanel loaded successfully
[INFO ] 2019-11-27 14:30:46.242 [AWT-EventQueue-0] ManageEnterpriseAdminJPanel - Account with the username passed already exists in the system! Please check
[INFO ] 2019-11-27 14:30:53.529 [AWT-EventQueue-0] ManageEnterpriseAdminJPanel - Account with the username passed already exists in the system! Please check
[INFO ] 2019-11-27 14:31:01.691 [pool-2-thread-1] ManageEnterpriseAdminJPanel - Executor task started
[INFO ] 2019-11-27 14:31:03.937 [AWT-EventQueue-0] ManageEnterpriseAdminJPanel - User created successfully. Please check email for login credentials.
[INFO ] 2019-11-27 14:31:39.703 [AWT-EventQueue-0] ManageOrganizationJPanel - ManageOrganizationJPanel loaded successfully
[INFO ] 2019-11-27 14:31:57.796 [AWT-EventQueue-0] ManageEmployeeJPanel - ManageEmployeeJPanel successfully loaded
[INFO ] 2019-11-27 14:32:10.480 [AWT-EventQueue-0] ManageEmployeeJPanel - Employee created successfully.
[INFO ] 2019-11-27 14:32:17.867 [AWT-EventQueue-0] ManageUserAccountJPanel - ManageUserAccountJPanel loaded successfully
[INFO ] 2019-11-27 14:45:33.845 [AWT-EventQueue-0] ManageOrganizationJPanel - ManageOrganizationJPanel loaded successfully
[INFO ] 2019-11-27 14:45:38.459 [AWT-EventQueue-0] ManageOrganizationJPanel - Please select a row!!!
[INFO ] 2019-11-27 14:45:44.597 [AWT-EventQueue-0] ManageUserAccountJPanel - ManageUserAccountJPanel loaded successfully
[INFO ] 2019-11-27 14:45:52.805 [AWT-EventQueue-0] ManageEmployeeJPanel - ManageEmployeeJPanel successfully loaded
[INFO ] 2019-11-27 14:46:00.316 [AWT-EventQueue-0] ManageOrganizationJPanel - ManageOrganizationJPanel loaded successfully
[INFO ] 2019-11-27 14:46:03.844 [AWT-EventQueue-0] ManageOrganizationJPanel - Please select a row!!!
[INFO ] 2019-11-27 14:59:56.545 [AWT-EventQueue-0] ManageUserAccountJPanel - ManageUserAccountJPanel loaded successfully
[INFO ] 2019-11-27 16:24:49.366 [AWT-EventQueue-0] ManageUserAccountJPanel - ManageUserAccountJPanel loaded successfully
[INFO ] 2019-11-27 16:25:03.214 [AWT-EventQueue-0] ManageUserAccountJPanel - ManageUserAccountJPanel loaded successfully
[INFO ] 2019-11-27 16:25:19.562 [AWT-EventQueue-0] SystemAdminWorkAreaJPanel - SystemAdminWorkAreaJPanel loaded successfully
[INFO ] 2019-11-27 21:06:18.580 [AWT-EventQueue-0] ManageUserAccountJPanel - ManageUserAccountJPanel loaded successfully
[INFO ] 2019-11-27 21:06:33.238 [AWT-EventQueue-0] SystemAdminWorkAreaJPanel - SystemAdminWorkAreaJPanel loaded successfully
[INFO ] 2019-11-27 21:06:34.560 [AWT-EventQueue-0] ManageNetworkJPanel - ManageNetworkJPanel loaded successfully
[INFO ] 2019-11-27 21:06:37.841 [AWT-EventQueue-0] ManageEnterpriseJPanel - ManageEnterpriseJPanel loaded successfully
[INFO ] 2019-11-27 21:06:51.564 [AWT-EventQueue-0] ManageEnterpriseJPanel - Enterprise created successfully.
[INFO ] 2019-11-27 21:06:54.533 [AWT-EventQueue-0] ManageEnterpriseAdminJPanel - ManageEnterpriseAdminJPanel loaded successfully
[INFO ] 2019-11-27 21:07:11.385 [pool-2-thread-1] ManageEnterpriseAdminJPanel - Executor task started
[INFO ] 2019-11-27 21:07:12.591 [AWT-EventQueue-0] ManageEnterpriseAdminJPanel - User created successfully. Please check email for login credentials.
[INFO ] 2019-11-27 21:07:36.435 [AWT-EventQueue-0] ManageOrganizationJPanel - ManageOrganizationJPanel loaded successfully
[INFO ] 2019-11-27 21:07:43.616 [AWT-EventQueue-0] ManageOrganizationJPanel - Organization created successfully
[INFO ] 2019-11-27 21:07:49.086 [AWT-EventQueue-0] ManageOrganizationJPanel - Organization created successfully
[INFO ] 2019-11-27 21:07:52.002 [AWT-EventQueue-0] ManageEmployeeJPanel - ManageEmployeeJPanel successfully loaded
[INFO ] 2019-11-27 21:07:58.617 [AWT-EventQueue-0] ManageEmployeeJPanel - Employee created successfully.
[INFO ] 2019-11-27 21:08:09.412 [AWT-EventQueue-0] ManageEmployeeJPanel - Employee created successfully.
[INFO ] 2019-11-27 21:08:13.463 [AWT-EventQueue-0] ManageUserAccountJPanel - ManageUserAccountJPanel loaded successfully
[INFO ] 2019-11-27 21:08:31.349 [pool-3-thread-1] ManageUserAccountJPanel - Send email task started
[INFO ] 2019-11-27 21:08:32.955 [AWT-EventQueue-0] ManageUserAccountJPanel - User created successfully. Please check email for login credentials.
[INFO ] 2019-11-27 21:08:47.656 [pool-4-thread-1] ManageUserAccountJPanel - Send email task started
[INFO ] 2019-11-27 21:08:48.839 [AWT-EventQueue-0] ManageUserAccountJPanel - User created successfully. Please check email for login credentials.
[INFO ] 2019-11-27 21:08:52.727 [AWT-EventQueue-0] ManageUserAccountJPanel - ManageUserAccountJPanel loaded successfully
[INFO ] 2019-11-27 21:21:50.599 [AWT-EventQueue-0] WorkerWorkAreaJPanel - Request Approved by manager
[INFO ] 2019-11-27 21:21:57.113 [AWT-EventQueue-0] WorkerWorkAreaJPanel - Request Assign o manager
[INFO ] 2019-11-27 21:22:08.070 [AWT-EventQueue-0] WorkerWorkAreaJPanel - Request Assign o manager
[INFO ] 2019-11-27 21:30:41.446 [AWT-EventQueue-0] WorkerWorkAreaJPanel - Request Approved by manager
[INFO ] 2019-11-28 14:18:50.815 [AWT-EventQueue-0] SystemAdminWorkAreaJPanel - SystemAdminWorkAreaJPanel loaded successfully
[INFO ] 2019-11-28 14:18:53.171 [AWT-EventQueue-0] ManageEnterpriseJPanel - ManageEnterpriseJPanel loaded successfully
[INFO ] 2019-11-28 14:19:13.439 [AWT-EventQueue-0] ManageEnterpriseJPanel - Enterprise created successfully.
[INFO ] 2019-11-28 14:19:16.861 [AWT-EventQueue-0] ManageEnterpriseAdminJPanel - ManageEnterpriseAdminJPanel loaded successfully
[INFO ] 2019-11-28 14:19:38.708 [pool-2-thread-1] ManageEnterpriseAdminJPanel - Executor task started
[INFO ] 2019-11-28 14:19:40.750 [AWT-EventQueue-0] ManageEnterpriseAdminJPanel - User created successfully. Please check email for login credentials.
[INFO ] 2019-11-28 14:22:55.356 [AWT-EventQueue-0] ManageOrganizationJPanel - ManageOrganizationJPanel loaded successfully
[INFO ] 2019-11-28 14:23:10.102 [AWT-EventQueue-0] ManageOrganizationJPanel - Organization created successfully
[INFO ] 2019-11-28 14:23:17.765 [AWT-EventQueue-0] ManageOrganizationJPanel - Organization created successfully
[INFO ] 2019-11-28 14:23:38.350 [AWT-EventQueue-0] ManageEmployeeJPanel - ManageEmployeeJPanel successfully loaded
[INFO ] 2019-11-28 14:23:46.441 [AWT-EventQueue-0] ManageEmployeeJPanel - Employee created successfully.
[INFO ] 2019-11-28 14:24:02.666 [AWT-EventQueue-0] ManageEmployeeJPanel - Employee created successfully.
[INFO ] 2019-11-28 14:24:05.208 [AWT-EventQueue-0] ManageUserAccountJPanel - ManageUserAccountJPanel loaded successfully
[INFO ] 2019-11-28 14:24:24.530 [pool-3-thread-1] ManageUserAccountJPanel - Send email task started
[INFO ] 2019-11-28 14:24:26.210 [AWT-EventQueue-0] ManageUserAccountJPanel - User created successfully. Please check email for login credentials.
[INFO ] 2019-11-28 14:24:44.033 [pool-4-thread-1] ManageUserAccountJPanel - Send email task started
[INFO ] 2019-11-28 14:24:47.718 [AWT-EventQueue-0] ManageUserAccountJPanel - User created successfully. Please check email for login credentials.
[INFO ] 2019-11-28 14:44:56.641 [AWT-EventQueue-0] SystemAdminWorkAreaJPanel - SystemAdminWorkAreaJPanel loaded successfully
[INFO ] 2019-11-28 14:44:58.774 [AWT-EventQueue-0] ManageEnterpriseJPanel - ManageEnterpriseJPanel loaded successfully
[INFO ] 2019-11-28 14:45:45.224 [AWT-EventQueue-0] ManageOrganizationJPanel - ManageOrganizationJPanel loaded successfully
[INFO ] 2019-11-28 16:04:41.253 [AWT-EventQueue-0] WorkerWorkAreaJPanel - User didn't select a row
[INFO ] 2019-11-30 13:37:00.185 [AWT-EventQueue-0] WorkerWorkAreaJPanel - Doctor Request Created
[INFO ] 2019-11-30 13:44:05.679 [AWT-EventQueue-0] WorkerWorkAreaJPanel - Doctor Request Created
[INFO ] 2019-11-30 14:39:13.621 [AWT-EventQueue-0] PatientWorkAreaJPanel - Doctor Request Created
[INFO ] 2019-11-30 16:11:40.737 [AWT-EventQueue-0] PatientWorkAreaJPanel - User didn't select a row
[INFO ] 2019-11-30 17:52:01.968 [AWT-EventQueue-0] WorkerWorkAreaJPanel - Prescription Details
[INFO ] 2019-11-30 18:01:34.847 [AWT-EventQueue-0] WorkerWorkAreaJPanel - Prescription Details
[INFO ] 2019-11-30 18:02:00.041 [AWT-EventQueue-0] ProcessRequestJPanel - Order Created
[INFO ] 2019-11-30 18:04:20.769 [AWT-EventQueue-0] WorkerWorkAreaJPanel - Prescription Details
[INFO ] 2019-11-30 18:04:34.010 [AWT-EventQueue-0] ProcessRequestJPanel - Order Created
[INFO ] 2019-11-30 18:24:14.669 [AWT-EventQueue-0] WorkerWorkAreaJPanel - Prescription Details
[INFO ] 2019-11-30 18:30:39.134 [AWT-EventQueue-0] SystemAdminWorkAreaJPanel - SystemAdminWorkAreaJPanel loaded successfully
[INFO ] 2019-11-30 18:30:41.118 [AWT-EventQueue-0] ManageEnterpriseAdminJPanel - ManageEnterpriseAdminJPanel loaded successfully
[INFO ] 2019-11-30 18:34:26.090 [AWT-EventQueue-0] ManageNetworkJPanel - ManageNetworkJPanel loaded successfully
[INFO ] 2019-11-30 18:34:28.642 [AWT-EventQueue-0] ManageEnterpriseJPanel - ManageEnterpriseJPanel loaded successfully
[INFO ] 2019-11-30 18:35:05.970 [AWT-EventQueue-0] ManageEnterpriseJPanel - Enterprise created successfully.
[INFO ] 2019-11-30 18:35:08.544 [AWT-EventQueue-0] ManageEnterpriseAdminJPanel - ManageEnterpriseAdminJPanel loaded successfully
[INFO ] 2019-11-30 18:35:32.489 [AWT-EventQueue-0] ManageEnterpriseJPanel - ManageEnterpriseJPanel loaded successfully
[INFO ] 2019-11-30 18:35:40.074 [AWT-EventQueue-0] ManageEnterpriseJPanel - Enterprise created successfully.
[INFO ] 2019-11-30 18:35:42.045 [AWT-EventQueue-0] ManageEnterpriseAdminJPanel - ManageEnterpriseAdminJPanel loaded successfully
[INFO ] 2019-11-30 18:36:14.971 [pool-2-thread-1] ManageEnterpriseAdminJPanel - Executor task started
[INFO ] 2019-11-30 18:36:16.706 [AWT-EventQueue-0] ManageEnterpriseAdminJPanel - User created successfully. Please check email for login credentials.
[INFO ] 2019-11-30 18:36:42.296 [AWT-EventQueue-0] ManageOrganizationJPanel - ManageOrganizationJPanel loaded successfully
[INFO ] 2019-11-30 18:36:58.422 [AWT-EventQueue-0] ManageOrganizationJPanel - Organization created successfully
[INFO ] 2019-11-30 18:37:06.462 [AWT-EventQueue-0] ManageOrganizationJPanel - Organization created successfully
[INFO ] 2019-11-30 18:37:09.334 [AWT-EventQueue-0] ManageEmployeeJPanel - ManageEmployeeJPanel successfully loaded
[INFO ] 2019-11-30 18:37:22.772 [AWT-EventQueue-0] ManageEmployeeJPanel - Employee created successfully.
[INFO ] 2019-11-30 18:37:36.178 [AWT-EventQueue-0] ManageEmployeeJPanel - Employee created successfully.
[INFO ] 2019-11-30 18:37:39.723 [AWT-EventQueue-0] ManageUserAccountJPanel - ManageUserAccountJPanel loaded successfully
[INFO ] 2019-11-30 18:37:59.239 [pool-3-thread-1] ManageUserAccountJPanel - Send email task started
[INFO ] 2019-11-30 18:38:01.324 [AWT-EventQueue-0] ManageUserAccountJPanel - User created successfully. Please check email for login credentials.
[INFO ] 2019-11-30 18:47:32.272 [AWT-EventQueue-0] WorkerWorkAreaJPanel - Prescription Details
[INFO ] 2019-11-30 18:50:22.463 [AWT-EventQueue-0] WorkerWorkAreaJPanel - Prescription Details
[INFO ] 2019-11-30 18:51:59.045 [AWT-EventQueue-0] WorkerWorkAreaJPanel - View Order
[INFO ] 2019-11-30 19:09:06.415 [AWT-EventQueue-0] WorkerWorkAreaJPanel - View Order
[INFO ] 2019-11-30 19:09:09.453 [AWT-EventQueue-0] WorkerWorkAreaJPanel - Request Assign to Worker
[INFO ] 2019-11-30 19:38:02.740 [AWT-EventQueue-0] WorkerWorkAreaJPanel - Prescription Details
[INFO ] 2019-11-30 20:02:31.204 [AWT-EventQueue-0] WorkerWorkAreaJPanel - Prescription Details
[INFO ] 2019-11-30 20:06:37.328 [AWT-EventQueue-0] WorkerWorkAreaJPanel - Prescription Details
[INFO ] 2019-11-30 20:08:33.882 [AWT-EventQueue-0] WorkerWorkAreaJPanel - Prescription Details
[INFO ] 2019-11-30 20:33:12.510 [AWT-EventQueue-0] WorkerWorkAreaJPanel - Prescription Details
[INFO ] 2019-11-30 20:40:39.762 [AWT-EventQueue-0] WorkerWorkAreaJPanel - Prescription Details
[INFO ] 2019-11-30 20:46:05.542 [AWT-EventQueue-0] ManageOrganizationJPanel - ManageOrganizationJPanel loaded successfully
[INFO ] 2019-11-30 20:46:17.428 [AWT-EventQueue-0] ManageOrganizationJPanel - Organization created successfully
[INFO ] 2019-11-30 20:46:23.643 [AWT-EventQueue-0] ManageOrganizationJPanel - ManageOrganizationJPanel loaded successfully
[INFO ] 2019-11-30 20:46:33.010 [AWT-EventQueue-0] ManageOrganizationJPanel - Organization created successfully
[INFO ] 2019-11-30 20:46:36.026 [AWT-EventQueue-0] ManageEmployeeJPanel - ManageEmployeeJPanel successfully loaded
[INFO ] 2019-11-30 20:46:59.486 [AWT-EventQueue-0] ManageEmployeeJPanel - Employee created successfully.
[INFO ] 2019-11-30 20:47:01.950 [AWT-EventQueue-0] ManageUserAccountJPanel - ManageUserAccountJPanel loaded successfully
[INFO ] 2019-11-30 20:47:30.849 [pool-2-thread-1] ManageUserAccountJPanel - Send email task started
[INFO ] 2019-11-30 20:47:32.929 [AWT-EventQueue-0] ManageUserAccountJPanel - User created successfully. Please check email for login credentials.
[INFO ] 2019-11-30 20:48:31.439 [AWT-EventQueue-0] WorkerWorkAreaJPanel - Prescription Details
[INFO ] 2019-11-30 20:50:25.171 [AWT-EventQueue-0] WorkerWorkAreaJPanel - Prescription Details
[INFO ] 2019-11-30 20:50:42.871 [AWT-EventQueue-0] ProcessRequestJPanel - Doctor Prescribed
[INFO ] 2019-11-30 20:50:42.877 [AWT-EventQueue-0] ProcessRequestJPanel - Doctor Prescribed
[INFO ] 2019-11-30 20:56:02.400 [AWT-EventQueue-0] WorkerWorkAreaJPanel - Prescription Details
[INFO ] 2019-11-30 20:56:08.351 [AWT-EventQueue-0] WorkerWorkAreaJPanel - Prescription Details
[INFO ] 2019-11-30 20:56:21.505 [AWT-EventQueue-0] ProcessRequestJPanel - Doctor Prescribed
[INFO ] 2019-11-30 20:56:21.505 [AWT-EventQueue-0] ProcessRequestJPanel - Doctor Prescribed
[INFO ] 2019-11-30 20:56:21.505 [AWT-EventQueue-0] ProcessRequestJPanel - Doctor Prescribed
[INFO ] 2019-11-30 20:56:21.505 [AWT-EventQueue-0] ProcessRequestJPanel - Doctor Prescribed
[INFO ] 2019-11-30 20:56:21.506 [AWT-EventQueue-0] ProcessRequestJPanel - Doctor Prescribed
[INFO ] 2019-11-30 20:56:21.506 [AWT-EventQueue-0] ProcessRequestJPanel - Doctor Prescribed
[INFO ] 2019-11-30 20:57:03.650 [AWT-EventQueue-0] WorkerWorkAreaJPanel - View Order
[INFO ] 2019-11-30 20:57:14.523 [AWT-EventQueue-0] WorkerWorkAreaJPanel - View Order
[INFO ] 2019-11-30 20:57:37.245 [AWT-EventQueue-0] WorkerWorkAreaJPanel - Request Assign to Worker
[INFO ] 2019-11-30 20:57:53.918 [AWT-EventQueue-0] WorkerWorkAreaJPanel - Request send for Manager's Approval
[INFO ] 2019-11-30 20:59:58.574 [AWT-EventQueue-0] ManageOrganizationJPanel - ManageOrganizationJPanel loaded successfully
[INFO ] 2019-11-30 21:00:06.062 [AWT-EventQueue-0] ManageEmployeeJPanel - ManageEmployeeJPanel successfully loaded
[INFO ] 2019-11-30 21:00:11.580 [AWT-EventQueue-0] ManageUserAccountJPanel - ManageUserAccountJPanel loaded successfully
[INFO ] 2019-11-30 21:00:32.395 [pool-2-thread-1] ManageUserAccountJPanel - Send email task started
[INFO ] 2019-11-30 21:00:33.777 [AWT-EventQueue-0] ManageUserAccountJPanel - User created successfully. Please check email for login credentials.
[INFO ] 2019-11-30 21:01:27.085 [AWT-EventQueue-0] ManageEmployeeJPanel - ManageEmployeeJPanel successfully loaded
[INFO ] 2019-11-30 21:01:37.921 [AWT-EventQueue-0] ManageEmployeeJPanel - Employee created successfully.
[INFO ] 2019-11-30 21:01:45.657 [AWT-EventQueue-0] ManageUserAccountJPanel - ManageUserAccountJPanel loaded successfully
[INFO ] 2019-11-30 21:02:06.363 [pool-3-thread-1] ManageUserAccountJPanel - Send email task started
[INFO ] 2019-11-30 21:02:07.737 [AWT-EventQueue-0] ManageUserAccountJPanel - User created successfully. Please check email for login credentials.
[INFO ] 2019-11-30 21:03:44.247 [AWT-EventQueue-0] WorkerWorkAreaJPanel - Request Assign to Worker
[INFO ] 2019-11-30 21:03:50.002 [AWT-EventQueue-0] WorkerWorkAreaJPanel - Request send for Manager's Approval
[INFO ] 2019-11-30 21:05:17.311 [AWT-EventQueue-0] ManagerWorkAreaJPanel - Request Assign o manager
[INFO ] 2019-11-30 21:05:42.980 [AWT-EventQueue-0] ManagerWorkAreaJPanel - Request Assign o manager
[INFO ] 2019-11-30 21:06:49.244 [AWT-EventQueue-0] WorkerWorkAreaJPanel - Request Assign to Worker
[INFO ] 2019-12-01 16:32:29.214 [AWT-EventQueue-0] SystemAdminWorkAreaJPanel - SystemAdminWorkAreaJPanel loaded successfully
[INFO ] 2019-12-02 17:32:20.323 [AWT-EventQueue-0] ManageEmployeeJPanel - ManageEmployeeJPanel successfully loaded
[INFO ] 2019-12-02 17:32:33.558 [AWT-EventQueue-0] ManageEmployeeJPanel - Employee created successfully.
[INFO ] 2019-12-02 17:32:54.608 [AWT-EventQueue-0] ManageEmployeeJPanel - Employee created successfully.
[INFO ] 2019-12-02 17:32:57.160 [AWT-EventQueue-0] ManageUserAccountJPanel - ManageUserAccountJPanel loaded successfully
[INFO ] 2019-12-02 17:33:13.082 [pool-2-thread-1] ManageUserAccountJPanel - Send email task started
[INFO ] 2019-12-02 17:33:14.648 [AWT-EventQueue-0] ManageUserAccountJPanel - User created successfully. Please check email for login credentials.
[INFO ] 2019-12-02 17:33:51.637 [pool-3-thread-1] ManageUserAccountJPanel - Send email task started
[INFO ] 2019-12-02 17:33:53.136 [AWT-EventQueue-0] ManageUserAccountJPanel - User created successfully. Please check email for login credentials.
[INFO ] 2019-12-02 17:35:01.643 [AWT-EventQueue-0] WorkerWorkAreaJPanel - Prescription Details
[INFO ] 2019-12-02 17:35:19.209 [AWT-EventQueue-0] ProcessRequestJPanel - Doctor Prescribed
[INFO ] 2019-12-02 17:35:19.209 [AWT-EventQueue-0] ProcessRequestJPanel - Doctor Prescribed
[INFO ] 2019-12-02 17:35:19.209 [AWT-EventQueue-0] ProcessRequestJPanel - Doctor Prescribed
[INFO ] 2019-12-02 17:35:19.210 [AWT-EventQueue-0] ProcessRequestJPanel - Doctor Prescribed
[INFO ] 2019-12-02 17:35:19.210 [AWT-EventQueue-0] ProcessRequestJPanel - Doctor Prescribed
[INFO ] 2019-12-02 17:35:19.210 [AWT-EventQueue-0] ProcessRequestJPanel - Doctor Prescribed
[INFO ] 2019-12-02 17:36:27.035 [AWT-EventQueue-0] WorkerWorkAreaJPanel - View Order
[INFO ] 2019-12-02 17:36:37.510 [AWT-EventQueue-0] WorkerWorkAreaJPanel - Request Assign to Worker
[INFO ] 2019-12-02 17:37:09.506 [AWT-EventQueue-0] WorkerWorkAreaJPanel - Request send for Manager's Approval
[INFO ] 2019-12-02 17:37:24.344 [AWT-EventQueue-0] WorkerWorkAreaJPanel - Request Assign to Worker
[INFO ] 2019-12-02 17:37:27.544 [AWT-EventQueue-0] WorkerWorkAreaJPanel - Request Assign to Worker
[INFO ] 2019-12-02 17:41:05.644 [AWT-EventQueue-0] WorkerWorkAreaJPanel - Prescription Details
[INFO ] 2019-12-02 17:41:23.892 [AWT-EventQueue-0] ProcessRequestJPanel - Doctor Prescribed
[INFO ] 2019-12-02 17:41:23.892 [AWT-EventQueue-0] ProcessRequestJPanel - Doctor Prescribed
[INFO ] 2019-12-02 17:41:23.892 [AWT-EventQueue-0] ProcessRequestJPanel - Doctor Prescribed
[INFO ] 2019-12-02 17:41:23.892 [AWT-EventQueue-0] ProcessRequestJPanel - Doctor Prescribed
[INFO ] 2019-12-02 17:41:23.893 [AWT-EventQueue-0] ProcessRequestJPanel - Doctor Prescribed
[INFO ] 2019-12-02 17:41:23.893 [AWT-EventQueue-0] ProcessRequestJPanel - Doctor Prescribed
[INFO ] 2019-12-02 17:41:43.783 [AWT-EventQueue-0] WorkerWorkAreaJPanel - View Order
[INFO ] 2019-12-02 17:41:48.039 [AWT-EventQueue-0] WorkerWorkAreaJPanel - Request Assign to Worker
[INFO ] 2019-12-02 17:42:31.773 [AWT-EventQueue-0] WorkerWorkAreaJPanel - Request Assign to Worker
[INFO ] 2019-12-02 17:43:52.190 [AWT-EventQueue-0] WorkerWorkAreaJPanel - Request Assign to Worker
[INFO ] 2019-12-02 17:44:18.788 [AWT-EventQueue-0] WorkerWorkAreaJPanel - Request send for Manager's Approval
[INFO ] 2019-12-03 18:00:36.438 [AWT-EventQueue-0] WorkerWorkAreaJPanel - Request Assign to Doctor
[INFO ] 2019-12-03 18:00:41.885 [AWT-EventQueue-0] WorkerWorkAreaJPanel - Request Assign to Doctor
[INFO ] 2019-12-03 18:00:53.145 [AWT-EventQueue-0] WorkerWorkAreaJPanel - Prescription Details
[INFO ] 2019-12-03 18:01:21.097 [AWT-EventQueue-0] ProcessRequestJPanel - Doctor Prescribed
[INFO ] 2019-12-03 18:01:21.098 [AWT-EventQueue-0] ProcessRequestJPanel - Doctor Prescribed
[INFO ] 2019-12-03 18:01:21.098 [AWT-EventQueue-0] ProcessRequestJPanel - Doctor Prescribed
[INFO ] 2019-12-03 18:01:21.098 [AWT-EventQueue-0] ProcessRequestJPanel - Doctor Prescribed
[INFO ] 2019-12-03 18:01:21.099 [AWT-EventQueue-0] ProcessRequestJPanel - Doctor Prescribed
[INFO ] 2019-12-03 18:01:21.099 [AWT-EventQueue-0] ProcessRequestJPanel - Doctor Prescribed
[INFO ] 2019-12-03 18:07:13.008 [AWT-EventQueue-0] WorkerWorkAreaJPanel - View Order
[INFO ] 2019-12-03 18:44:10.943 [AWT-EventQueue-0] WorkerWorkAreaJPanel - View Order
[INFO ] 2019-12-03 18:46:04.080 [AWT-EventQueue-0] WorkerWorkAreaJPanel - View Order
[INFO ] 2019-12-03 19:01:06.998 [AWT-EventQueue-0] WorkerWorkAreaJPanel - View Order
[INFO ] 2019-12-03 19:01:16.396 [AWT-EventQueue-0] WorkerWorkAreaJPanel - View Order
[INFO ] 2019-12-03 19:06:09.509 [AWT-EventQueue-0] WorkerWorkAreaJPanel - View Order
[INFO ] 2019-12-03 19:07:40.645 [AWT-EventQueue-0] WorkerWorkAreaJPanel - View Order
[INFO ] 2019-12-04 21:45:05.780 [AWT-EventQueue-0] ManagerWorkAreaJPanel - Request Approved by manager
[INFO ] 2019-12-05 14:08:26.199 [AWT-EventQueue-0] SystemAdminWorkAreaJPanel - SystemAdminWorkAreaJPanel loaded successfully
[INFO ] 2019-12-05 14:08:40.904 [AWT-EventQueue-0] ManageNetworkJPanel - ManageNetworkJPanel loaded successfully
[INFO ] 2019-12-05 14:08:44.280 [AWT-EventQueue-0] ManageEnterpriseJPanel - ManageEnterpriseJPanel loaded successfully
[INFO ] 2019-12-05 14:08:55.410 [AWT-EventQueue-0] ManageEnterpriseAdminJPanel - ManageEnterpriseAdminJPanel loaded successfully
[INFO ] 2019-12-05 14:08:59.559 [AWT-EventQueue-0] ManageEnterpriseJPanel - ManageEnterpriseJPanel loaded successfully
[INFO ] 2019-12-05 14:15:08.755 [AWT-EventQueue-0] ApproverWorkAreaJPanel - Show Statistics
[INFO ] 2019-12-05 14:15:23.606 [AWT-EventQueue-0] ApproverWorkAreaJPanel - Show Statistics
[INFO ] 2019-12-05 14:16:05.904 [AWT-EventQueue-0] ApproverWorkAreaJPanel - Show Statistics
[INFO ] 2019-12-05 15:08:17.424 [AWT-EventQueue-0] SystemAdminWorkAreaJPanel - SystemAdminWorkAreaJPanel loaded successfully
[INFO ] 2019-12-05 15:11:12.655 [AWT-EventQueue-0] ManageEmployeeJPanel - ManageEmployeeJPanel successfully loaded
[INFO ] 2019-12-05 15:12:05.642 [AWT-EventQueue-0] ManagerWorkAreaJPanel - Request Assign o manager
[INFO ] 2019-12-05 15:13:59.480 [AWT-EventQueue-0] ManageEmployeeJPanel - ManageEmployeeJPanel successfully loaded
[INFO ] 2019-12-05 15:14:10.932 [AWT-EventQueue-0] ManageEmployeeJPanel - Employee created successfully.
[INFO ] 2019-12-05 15:14:27.064 [AWT-EventQueue-0] ManageUserAccountJPanel - ManageUserAccountJPanel loaded successfully
[INFO ] 2019-12-05 15:14:46.503 [pool-2-thread-1] ManageUserAccountJPanel - Send email task started
[INFO ] 2019-12-05 15:14:47.931 [AWT-EventQueue-0] ManageUserAccountJPanel - User created successfully. Please check email for login credentials.
[INFO ] 2019-12-05 15:15:52.240 [AWT-EventQueue-0] PatientWorkAreaJPanel - Doctor assigned to patient!
[INFO ] 2019-12-05 15:16:03.522 [AWT-EventQueue-0] WorkerWorkAreaJPanel - View Order
[INFO ] 2019-12-05 15:16:07.274 [AWT-EventQueue-0] WorkerWorkAreaJPanel - View Order
[INFO ] 2019-12-05 15:20:06.745 [AWT-EventQueue-0] WorkerWorkAreaJPanel - Prescription Details
[INFO ] 2019-12-05 15:20:26.356 [AWT-EventQueue-0] ProcessRequestJPanel - Doctor Prescribed
[INFO ] 2019-12-05 15:20:26.356 [AWT-EventQueue-0] ProcessRequestJPanel - Doctor Prescribed
[INFO ] 2019-12-05 15:20:26.356 [AWT-EventQueue-0] ProcessRequestJPanel - Doctor Prescribed
[INFO ] 2019-12-05 15:20:26.356 [AWT-EventQueue-0] ProcessRequestJPanel - Doctor Prescribed
[INFO ] 2019-12-05 15:20:26.356 [AWT-EventQueue-0] ProcessRequestJPanel - Doctor Prescribed
[INFO ] 2019-12-05 15:20:26.356 [AWT-EventQueue-0] ProcessRequestJPanel - Doctor Prescribed
[INFO ] 2019-12-05 15:20:26.356 [AWT-EventQueue-0] ProcessRequestJPanel - Doctor Prescribed
[INFO ] 2019-12-05 15:22:11.195 [AWT-EventQueue-0] ManagerWorkAreaJPanel - Request Assign o manager
[INFO ] 2019-12-05 15:23:01.558 [AWT-EventQueue-0] WorkerWorkAreaJPanel - View Order
[INFO ] 2019-12-05 15:23:06.008 [AWT-EventQueue-0] WorkerWorkAreaJPanel - Request Assign to Worker
[INFO ] 2019-12-05 15:23:09.031 [AWT-EventQueue-0] WorkerWorkAreaJPanel - Request send for Manager's Approval
[INFO ] 2019-12-05 15:23:35.324 [AWT-EventQueue-0] ManagerWorkAreaJPanel - Request Assign o manager
[INFO ] 2019-12-05 15:26:31.764 [AWT-EventQueue-0] ManagerWorkAreaJPanel - Request Assign o manager
[INFO ] 2019-12-05 15:39:56.983 [AWT-EventQueue-0] ApproverWorkAreaJPanel - Show Statistics
[INFO ] 2019-12-05 16:45:41.435 [AWT-EventQueue-0] WorkerWorkAreaJPanel - View Order
[INFO ] 2019-12-05 16:45:50.876 [AWT-EventQueue-0] WorkerWorkAreaJPanel - View Order
[INFO ] 2019-12-05 16:48:45.521 [AWT-EventQueue-0] ManageEmployeeJPanel - ManageEmployeeJPanel successfully loaded
[INFO ] 2019-12-05 16:48:58.292 [AWT-EventQueue-0] ManageEmployeeJPanel - Employee created successfully.
[INFO ] 2019-12-05 16:49:08.088 [AWT-EventQueue-0] ManageEmployeeJPanel - Employee created successfully.
[INFO ] 2019-12-05 16:51:21.383 [AWT-EventQueue-0] ManageUserAccountJPanel - ManageUserAccountJPanel loaded successfully
[INFO ] 2019-12-05 16:51:44.114 [pool-3-thread-1] ManageUserAccountJPanel - Send email task started
[INFO ] 2019-12-05 16:51:45.634 [AWT-EventQueue-0] ManageUserAccountJPanel - User created successfully. Please check email for login credentials.
[INFO ] 2019-12-05 16:52:04.227 [pool-4-thread-1] ManageUserAccountJPanel - Send email task started
[INFO ] 2019-12-05 16:52:05.516 [AWT-EventQueue-0] ManageUserAccountJPanel - User created successfully. Please check email for login credentials.
[INFO ] 2019-12-05 16:52:47.845 [AWT-EventQueue-0] PatientWorkAreaJPanel - Doctor assigned to patient!
[INFO ] 2019-12-05 16:56:50.835 [AWT-EventQueue-0] ManageOrganizationJPanel - ManageOrganizationJPanel loaded successfully
[INFO ] 2019-12-05 16:56:54.042 [AWT-EventQueue-0] ManageEmployeeJPanel - ManageEmployeeJPanel successfully loaded
[INFO ] 2019-12-05 16:57:00.091 [AWT-EventQueue-0] ManageUserAccountJPanel - ManageUserAccountJPanel loaded successfully
[INFO ] 2019-12-05 17:03:10.753 [AWT-EventQueue-0] ManageUserAccountJPanel - Username already exists in this organization! Please check
[INFO ] 2019-12-05 17:03:43.395 [pool-5-thread-1] ManageUserAccountJPanel - Send email task started
[INFO ] 2019-12-05 17:03:44.806 [AWT-EventQueue-0] ManageUserAccountJPanel - User created successfully. Please check email for login credentials.
[INFO ] 2019-12-05 17:04:22.442 [pool-6-thread-1] ManageUserAccountJPanel - Send email task started
[INFO ] 2019-12-05 17:04:28.131 [AWT-EventQueue-0] ManageUserAccountJPanel - User created successfully. Please check email for login credentials.
[INFO ] 2019-12-05 17:43:20.403 [AWT-EventQueue-0] ManageEmployeeJPanel - ManageEmployeeJPanel successfully loaded
[INFO ] 2019-12-05 17:43:25.614 [AWT-EventQueue-0] ManageUserAccountJPanel - ManageUserAccountJPanel loaded successfully
[INFO ] 2019-12-05 17:43:29.810 [AWT-EventQueue-0] ManageEmployeeJPanel - ManageEmployeeJPanel successfully loaded
[INFO ] 2019-12-05 17:43:50.198 [AWT-EventQueue-0] ManageEmployeeJPanel - Employee created successfully.
[INFO ] 2019-12-05 17:43:52.530 [AWT-EventQueue-0] ManageUserAccountJPanel - ManageUserAccountJPanel loaded successfully
[INFO ] 2019-12-05 17:44:12.184 [pool-7-thread-1] ManageUserAccountJPanel - Send email task started
[INFO ] 2019-12-05 17:44:13.550 [AWT-EventQueue-0] ManageUserAccountJPanel - User created successfully. Please check email for login credentials.
[INFO ] 2019-12-05 17:44:49.426 [AWT-EventQueue-0] PatientWorkAreaJPanel - Doctor assigned to patient!
[INFO ] 2019-12-05 17:45:18.457 [AWT-EventQueue-0] WorkerWorkAreaJPanel - View Order
[INFO ] 2019-12-05 17:53:05.101 [AWT-EventQueue-0] PatientWorkAreaJPanel - Doctor assigned to patient!
[INFO ] 2019-12-05 17:55:04.746 [AWT-EventQueue-0] WorkerWorkAreaJPanel - Prescription Details
[INFO ] 2019-12-05 17:55:22.710 [AWT-EventQueue-0] ProcessRequestJPanel - Doctor Prescribed
[INFO ] 2019-12-05 17:55:22.710 [AWT-EventQueue-0] ProcessRequestJPanel - Doctor Prescribed
[INFO ] 2019-12-05 17:55:22.710 [AWT-EventQueue-0] ProcessRequestJPanel - Doctor Prescribed
[INFO ] 2019-12-05 17:55:22.710 [AWT-EventQueue-0] ProcessRequestJPanel - Doctor Prescribed
[INFO ] 2019-12-05 17:55:22.710 [AWT-EventQueue-0] ProcessRequestJPanel - Doctor Prescribed
[INFO ] 2019-12-05 17:55:22.710 [AWT-EventQueue-0] ProcessRequestJPanel - Doctor Prescribed
[INFO ] 2019-12-05 17:55:22.710 [AWT-EventQueue-0] ProcessRequestJPanel - Doctor Prescribed
[INFO ] 2019-12-05 17:57:30.937 [AWT-EventQueue-0] WorkerWorkAreaJPanel - Request Assign to Worker
[INFO ] 2019-12-05 17:57:40.549 [AWT-EventQueue-0] WorkerWorkAreaJPanel - View Order
[INFO ] 2019-12-05 17:57:44.464 [AWT-EventQueue-0] WorkerWorkAreaJPanel - Request send for Manager's Approval
[INFO ] 2019-12-05 17:58:08.256 [AWT-EventQueue-0] ManagerWorkAreaJPanel - Request Assign o manager
[INFO ] 2019-12-05 18:03:23.664 [AWT-EventQueue-0] PatientWorkAreaJPanel - Doctor assigned to patient!
[INFO ] 2019-12-05 18:04:03.124 [AWT-EventQueue-0] WorkerWorkAreaJPanel - Prescription Details
[INFO ] 2019-12-05 18:04:21.732 [AWT-EventQueue-0] ProcessRequestJPanel - Doctor Prescribed
[INFO ] 2019-12-05 18:04:21.732 [AWT-EventQueue-0] ProcessRequestJPanel - Doctor Prescribed
[INFO ] 2019-12-05 18:04:21.732 [AWT-EventQueue-0] ProcessRequestJPanel - Doctor Prescribed
[INFO ] 2019-12-05 18:04:21.732 [AWT-EventQueue-0] ProcessRequestJPanel - Doctor Prescribed
[INFO ] 2019-12-05 18:04:21.732 [AWT-EventQueue-0] ProcessRequestJPanel - Doctor Prescribed
[INFO ] 2019-12-05 18:04:21.732 [AWT-EventQueue-0] ProcessRequestJPanel - Doctor Prescribed
[INFO ] 2019-12-05 18:04:21.732 [AWT-EventQueue-0] ProcessRequestJPanel - Doctor Prescribed
[INFO ] 2019-12-05 18:04:57.410 [AWT-EventQueue-0] WorkerWorkAreaJPanel - Request Assign to Worker
[INFO ] 2019-12-05 18:05:00.285 [AWT-EventQueue-0] WorkerWorkAreaJPanel - Request send for Manager's Approval
[INFO ] 2019-12-05 18:05:35.089 [AWT-EventQueue-0] ManagerWorkAreaJPanel - Request Assign o manager
[INFO ] 2019-12-05 18:08:12.776 [AWT-EventQueue-0] WorkerWorkAreaJPanel - Prescription Details
[INFO ] 2019-12-05 18:08:29.484 [AWT-EventQueue-0] ProcessRequestJPanel - Doctor Prescribed
[INFO ] 2019-12-05 18:08:29.484 [AWT-EventQueue-0] ProcessRequestJPanel - Doctor Prescribed
[INFO ] 2019-12-05 18:08:29.484 [AWT-EventQueue-0] ProcessRequestJPanel - Doctor Prescribed
[INFO ] 2019-12-05 18:08:29.484 [AWT-EventQueue-0] ProcessRequestJPanel - Doctor Prescribed
[INFO ] 2019-12-05 18:08:29.484 [AWT-EventQueue-0] ProcessRequestJPanel - Doctor Prescribed
[INFO ] 2019-12-05 18:08:29.484 [AWT-EventQueue-0] ProcessRequestJPanel - Doctor Prescribed
[INFO ] 2019-12-05 18:08:29.484 [AWT-EventQueue-0] ProcessRequestJPanel - Doctor Prescribed
[INFO ] 2019-12-05 18:08:59.008 [AWT-EventQueue-0] WorkerWorkAreaJPanel - Request Assign to Worker
[INFO ] 2019-12-05 18:09:01.313 [AWT-EventQueue-0] WorkerWorkAreaJPanel - Request send for Manager's Approval
[INFO ] 2019-12-05 18:10:34.664 [AWT-EventQueue-0] WorkerWorkAreaJPanel - View Order
[INFO ] 2019-12-05 18:10:56.984 [AWT-EventQueue-0] ManagerWorkAreaJPanel - Request Assign o manager
[INFO ] 2019-12-05 18:18:50.525 [AWT-EventQueue-0] PatientWorkAreaJPanel - Doctor assigned to patient!
[INFO ] 2019-12-05 18:19:15.764 [AWT-EventQueue-0] WorkerWorkAreaJPanel - Prescription Details
[INFO ] 2019-12-05 18:19:29.633 [AWT-EventQueue-0] ProcessRequestJPanel - Doctor Prescribed
[INFO ] 2019-12-05 18:19:29.633 [AWT-EventQueue-0] ProcessRequestJPanel - Doctor Prescribed
[INFO ] 2019-12-05 18:19:29.633 [AWT-EventQueue-0] ProcessRequestJPanel - Doctor Prescribed
[INFO ] 2019-12-05 18:19:29.633 [AWT-EventQueue-0] ProcessRequestJPanel - Doctor Prescribed
[INFO ] 2019-12-05 18:19:29.633 [AWT-EventQueue-0] ProcessRequestJPanel - Doctor Prescribed
[INFO ] 2019-12-05 18:19:29.633 [AWT-EventQueue-0] ProcessRequestJPanel - Doctor Prescribed
[INFO ] 2019-12-05 18:19:29.633 [AWT-EventQueue-0] ProcessRequestJPanel - Doctor Prescribed
[INFO ] 2019-12-05 18:20:18.836 [AWT-EventQueue-0] WorkerWorkAreaJPanel - Request Assign to Worker
[INFO ] 2019-12-05 18:20:33.335 [AWT-EventQueue-0] WorkerWorkAreaJPanel - Request send for Manager's Approval
[INFO ] 2019-12-05 18:21:03.226 [AWT-EventQueue-0] ManagerWorkAreaJPanel - Request Assign o manager
[INFO ] 2019-12-06 19:45:32.162 [AWT-EventQueue-0] ManageEmployeeJPanel - ManageEmployeeJPanel successfully loaded
[INFO ] 2019-12-06 19:45:42.330 [AWT-EventQueue-0] ManageEmployeeJPanel - Employee created successfully.
[INFO ] 2019-12-06 19:45:53.742 [AWT-EventQueue-0] ManageEmployeeJPanel - Employee created successfully.
[INFO ] 2019-12-06 19:46:57.652 [AWT-EventQueue-0] ManageUserAccountJPanel - ManageUserAccountJPanel loaded successfully
[INFO ] 2019-12-06 19:47:15.642 [pool-2-thread-1] ManageUserAccountJPanel - Send email task started
[INFO ] 2019-12-06 19:47:17.376 [AWT-EventQueue-0] ManageUserAccountJPanel - User created successfully. Please check email for login credentials.
[INFO ] 2019-12-06 19:47:44.057 [pool-3-thread-1] ManageUserAccountJPanel - Send email task started
[INFO ] 2019-12-06 19:47:45.712 [AWT-EventQueue-0] ManageUserAccountJPanel - User created successfully. Please check email for login credentials.
[INFO ] 2019-12-06 19:48:48.802 [AWT-EventQueue-0] PatientWorkAreaJPanel - Doctor assigned to patient!
[INFO ] 2019-12-06 19:48:53.738 [AWT-EventQueue-0] WorkerWorkAreaJPanel - View Order
[INFO ] 2019-12-06 19:49:45.931 [AWT-EventQueue-0] WorkerWorkAreaJPanel - Prescription Details
[INFO ] 2019-12-06 19:50:13.113 [AWT-EventQueue-0] ProcessRequestJPanel - Doctor Prescribed
[INFO ] 2019-12-06 19:50:13.117 [AWT-EventQueue-0] ProcessRequestJPanel - Doctor Prescribed
[INFO ] 2019-12-06 19:50:13.117 [AWT-EventQueue-0] ProcessRequestJPanel - Doctor Prescribed
[INFO ] 2019-12-06 19:50:13.117 [AWT-EventQueue-0] ProcessRequestJPanel - Doctor Prescribed
[INFO ] 2019-12-06 19:50:13.117 [AWT-EventQueue-0] ProcessRequestJPanel - Doctor Prescribed
[INFO ] 2019-12-06 19:50:13.117 [AWT-EventQueue-0] ProcessRequestJPanel - Doctor Prescribed
[INFO ] 2019-12-06 19:50:13.117 [AWT-EventQueue-0] ProcessRequestJPanel - Doctor Prescribed
[INFO ] 2019-12-06 19:51:32.442 [AWT-EventQueue-0] WorkerWorkAreaJPanel - View Order
[INFO ] 2019-12-06 19:51:37.058 [AWT-EventQueue-0] WorkerWorkAreaJPanel - Request Assign to Worker
[INFO ] 2019-12-06 19:51:40.220 [AWT-EventQueue-0] WorkerWorkAreaJPanel - Request send for Manager's Approval
[INFO ] 2019-12-06 19:52:10.390 [AWT-EventQueue-0] ManagerWorkAreaJPanel - Request Assign o manager
[INFO ] 2019-12-06 19:53:29.023 [AWT-EventQueue-0] ApproverWorkAreaJPanel - Request send to legal
[INFO ] 2019-12-06 19:53:42.019 [AWT-EventQueue-0] ApproverWorkAreaJPanel - Show Statistics
[INFO ] 2019-12-06 19:54:21.191 [AWT-EventQueue-0] ValidatorWorkArea - Authorized to sell ordered drugs.
[INFO ] 2019-12-06 19:54:28.101 [AWT-EventQueue-0] ValidatorWorkArea - Approved by legal
[INFO ] 2019-12-06 19:55:37.248 [AWT-EventQueue-0] AssignToManufacturer - Request send to manufacturer
[INFO ] 2019-12-06 19:56:37.274 [AWT-EventQueue-0] ProducerWorkAreaJPanel - Producer Work Area JPanel Loaded
[INFO ] 2019-12-06 19:56:44.958 [AWT-EventQueue-0] ProducerWorkAreaJPanel - Request successfully assigned!
[INFO ] 2019-12-06 19:56:48.128 [AWT-EventQueue-0] ViewAndUpdateBidProducerjpanel - ViewAndUpdateBidProducerjpanel loaded successfully
[INFO ] 2019-12-06 19:56:48.134 [AWT-EventQueue-0] ProducerWorkAreaJPanel - Moving to the Process Order Screen
[INFO ] 2019-12-06 19:57:02.632 [AWT-EventQueue-0] ViewAndUpdateBidProducerjpanel - Price updated successfully
[INFO ] 2019-12-06 19:57:09.568 [AWT-EventQueue-0] ProducerWorkAreaJPanel - Order completed successfully
[INFO ] 2019-12-06 19:57:39.670 [AWT-EventQueue-0] ApproverWorkAreaJPanel - Show Statistics
[INFO ] 2019-12-06 21:57:50.101 [AWT-EventQueue-0] SystemAdminWorkAreaJPanel - SystemAdminWorkAreaJPanel loaded successfully
[INFO ] 2019-12-06 21:57:54.755 [AWT-EventQueue-0] ManageNetworkJPanel - ManageNetworkJPanel loaded successfully
[INFO ] 2019-12-06 21:58:02.577 [AWT-EventQueue-0] ManageEnterpriseJPanel - ManageEnterpriseJPanel loaded successfully
[INFO ] 2019-12-06 22:00:30.001 [AWT-EventQueue-0] SystemAdminWorkAreaJPanel - SystemAdminWorkAreaJPanel loaded successfully
[INFO ] 2019-12-06 22:00:31.121 [AWT-EventQueue-0] ManageNetworkJPanel - ManageNetworkJPanel loaded successfully
[INFO ] 2019-12-06 22:00:39.839 [AWT-EventQueue-0] ManageNetworkJPanel - Network successfully created
[INFO ] 2019-12-06 22:00:44.293 [AWT-EventQueue-0] ManageEnterpriseJPanel - ManageEnterpriseJPanel loaded successfully
[INFO ] 2019-12-06 22:01:03.288 [AWT-EventQueue-0] ManageEnterpriseJPanel - Enterprise created successfully.
[INFO ] 2019-12-06 22:01:10.319 [AWT-EventQueue-0] ManageEnterpriseJPanel - ManageEnterpriseJPanel loaded successfully
[INFO ] 2019-12-06 22:01:15.404 [AWT-EventQueue-0] ManageEnterpriseAdminJPanel - ManageEnterpriseAdminJPanel loaded successfully
[INFO ] 2019-12-06 22:01:19.939 [AWT-EventQueue-0] ManageEnterpriseJPanel - ManageEnterpriseJPanel loaded successfully
[INFO ] 2019-12-06 22:01:30.090 [AWT-EventQueue-0] ManageEnterpriseAdminJPanel - ManageEnterpriseAdminJPanel loaded successfully
[INFO ] 2019-12-06 22:02:22.244 [pool-2-thread-1] ManageEnterpriseAdminJPanel - Executor task started
[INFO ] 2019-12-06 22:02:27.224 [AWT-EventQueue-0] ManageEnterpriseAdminJPanel - User created successfully. Please check email for login credentials.
[INFO ] 2019-12-06 22:05:03.615 [AWT-EventQueue-0] ManageOrganizationJPanel - ManageOrganizationJPanel loaded successfully
[INFO ] 2019-12-06 22:05:22.678 [AWT-EventQueue-0] ManageOrganizationJPanel - Organization created successfully
[INFO ] 2019-12-06 22:05:33.755 [AWT-EventQueue-0] ManageOrganizationJPanel - Organization created successfully
[INFO ] 2019-12-06 22:05:36.765 [AWT-EventQueue-0] ManageEmployeeJPanel - ManageEmployeeJPanel successfully loaded
[INFO ] 2019-12-06 22:06:15.242 [AWT-EventQueue-0] ManageEmployeeJPanel - ManageEmployeeJPanel successfully loaded
[INFO ] 2019-12-06 22:06:44.271 [AWT-EventQueue-0] ManageOrganizationJPanel - ManageOrganizationJPanel loaded successfully
[INFO ] 2019-12-06 22:06:53.873 [AWT-EventQueue-0] ManageOrganizationJPanel - ManageOrganizationJPanel loaded successfully
[INFO ] 2019-12-06 22:06:57.552 [AWT-EventQueue-0] ManageOrganizationJPanel - ManageOrganizationJPanel loaded successfully
[INFO ] 2019-12-06 22:07:11.119 [AWT-EventQueue-0] ManageEmployeeJPanel - ManageEmployeeJPanel successfully loaded
[INFO ] 2019-12-06 22:07:24.103 [AWT-EventQueue-0] ManageEmployeeJPanel - Employee created successfully.
[INFO ] 2019-12-06 22:07:38.943 [AWT-EventQueue-0] ManageEmployeeJPanel - Employee created successfully.
[INFO ] 2019-12-06 22:07:48.126 [AWT-EventQueue-0] ManageUserAccountJPanel - ManageUserAccountJPanel loaded successfully
[INFO ] 2019-12-06 22:08:57.579 [AWT-EventQueue-0] ManageUserAccountJPanel - Username in incorrect format. Should be 2 to 25 characters and characters, numbers and the ., -, _ symbols
[INFO ] 2019-12-06 22:09:09.617 [pool-3-thread-1] ManageUserAccountJPanel - Send email task started
[INFO ] 2019-12-06 22:09:26.392 [AWT-EventQueue-0] ManageUserAccountJPanel - User created successfully. Please check email for login credentials.
[INFO ] 2019-12-06 22:09:40.281 [AWT-EventQueue-0] ManageUserAccountJPanel - ManageUserAccountJPanel loaded successfully
[INFO ] 2019-12-06 22:09:43.959 [AWT-EventQueue-0] ManageEmployeeJPanel - ManageEmployeeJPanel successfully loaded
[INFO ] 2019-12-06 22:11:35.625 [AWT-EventQueue-0] ManageUserAccountJPanel - ManageUserAccountJPanel loaded successfully
[INFO ] 2019-12-06 22:12:14.459 [pool-4-thread-1] ManageUserAccountJPanel - Send email task started
[INFO ] 2019-12-06 22:12:16.444 [AWT-EventQueue-0] ManageUserAccountJPanel - User created successfully. Please check email for login credentials.
[INFO ] 2019-12-06 22:23:11.124 [AWT-EventQueue-0] ManageOrganizationJPanel - ManageOrganizationJPanel loaded successfully
[INFO ] 2019-12-06 22:24:02.908 [AWT-EventQueue-0] ManageOrganizationJPanel - ManageOrganizationJPanel loaded successfully
[INFO ] 2019-12-06 22:24:09.382 [AWT-EventQueue-0] AdminWorkAreaJPanel - Please create an organization before creating an enpterprise
[INFO ] 2019-12-06 22:24:12.004 [AWT-EventQueue-0] ManageOrganizationJPanel - ManageOrganizationJPanel loaded successfully
[INFO ] 2019-12-06 22:24:15.367 [AWT-EventQueue-0] ManageOrganizationJPanel - ManageOrganizationJPanel loaded successfully
[INFO ] 2019-12-06 22:24:24.699 [AWT-EventQueue-0] AdminWorkAreaJPanel - Please create an employee before creating an user
[INFO ] 2019-12-06 22:24:28.387 [AWT-EventQueue-0] AdminWorkAreaJPanel - Please create an organization before creating an enpterprise
[INFO ] 2019-12-06 22:24:30.815 [AWT-EventQueue-0] ManageOrganizationJPanel - ManageOrganizationJPanel loaded successfully
[INFO ] 2019-12-06 22:24:47.847 [AWT-EventQueue-0] ManageOrganizationJPanel - ManageOrganizationJPanel loaded successfully
[INFO ] 2019-12-06 22:24:56.650 [AWT-EventQueue-0] ManageOrganizationJPanel - ManageOrganizationJPanel loaded successfully
[INFO ] 2019-12-06 22:26:46.700 [AWT-EventQueue-0] ManageOrganizationJPanel - ManageOrganizationJPanel loaded successfully
[INFO ] 2019-12-06 22:26:58.386 [AWT-EventQueue-0] ManageOrganizationJPanel - ManageOrganizationJPanel loaded successfully
[INFO ] 2019-12-06 22:27:51.530 [AWT-EventQueue-0] ManageOrganizationJPanel - ManageOrganizationJPanel loaded successfully
[INFO ] 2019-12-06 22:28:13.848 [AWT-EventQueue-0] SystemAdminWorkAreaJPanel - SystemAdminWorkAreaJPanel loaded successfully
[INFO ] 2019-12-06 22:28:15.437 [AWT-EventQueue-0] ManageNetworkJPanel - ManageNetworkJPanel loaded successfully
[INFO ] 2019-12-06 22:28:21.290 [AWT-EventQueue-0] ManageEnterpriseJPanel - ManageEnterpriseJPanel loaded successfully
[INFO ] 2019-12-06 22:29:27.652 [AWT-EventQueue-0] ManageEnterpriseJPanel - Enterprise update failed. Only alphanumeric characters, spaces and . allowed.
[INFO ] 2019-12-06 22:29:53.151 [AWT-EventQueue-0] ManageEnterpriseJPanel - Enterprise created successfully.
[INFO ] 2019-12-06 22:29:57.092 [AWT-EventQueue-0] ManageEnterpriseJPanel - ManageEnterpriseJPanel loaded successfully
[INFO ] 2019-12-06 22:30:00.513 [AWT-EventQueue-0] ManageEnterpriseAdminJPanel - ManageEnterpriseAdminJPanel loaded successfully
[INFO ] 2019-12-06 22:30:47.184 [pool-2-thread-1] ManageEnterpriseAdminJPanel - Executor task started
[INFO ] 2019-12-06 22:30:49.157 [AWT-EventQueue-0] ManageEnterpriseAdminJPanel - User created successfully. Please check email for login credentials.
[INFO ] 2019-12-06 22:31:33.943 [AWT-EventQueue-0] ManageOrganizationJPanel - ManageOrganizationJPanel loaded successfully
[INFO ] 2019-12-06 22:32:36.025 [AWT-EventQueue-0] SystemAdminWorkAreaJPanel - SystemAdminWorkAreaJPanel loaded successfully
[INFO ] 2019-12-06 22:32:38.275 [AWT-EventQueue-0] ManageNetworkJPanel - ManageNetworkJPanel loaded successfully
[INFO ] 2019-12-06 22:32:41.527 [AWT-EventQueue-0] ManageEnterpriseAdminJPanel - ManageEnterpriseAdminJPanel loaded successfully
[INFO ] 2019-12-06 22:33:33.897 [AWT-EventQueue-0] ManageEnterpriseAdminJPanel - Account with the username passed already exists in the system! Please check
[INFO ] 2019-12-06 22:33:37.597 [pool-3-thread-1] ManageEnterpriseAdminJPanel - Executor task started
[INFO ] 2019-12-06 22:33:42.466 [AWT-EventQueue-0] ManageEnterpriseAdminJPanel - User created successfully. Please check email for login credentials.
[INFO ] 2019-12-06 22:34:22.048 [AWT-EventQueue-0] ManageOrganizationJPanel - ManageOrganizationJPanel loaded successfully
[INFO ] 2019-12-06 22:34:44.552 [AWT-EventQueue-0] ManageOrganizationJPanel - Organization created successfully
[INFO ] 2019-12-06 22:35:00.296 [AWT-EventQueue-0] ManageOrganizationJPanel - Organization created successfully
[INFO ] 2019-12-06 22:35:05.962 [AWT-EventQueue-0] ManageEmployeeJPanel - ManageEmployeeJPanel successfully loaded
[INFO ] 2019-12-06 22:35:20.747 [AWT-EventQueue-0] AdminWorkAreaJPanel - Please create an employee before creating an user
[INFO ] 2019-12-06 22:35:21.714 [AWT-EventQueue-0] ManageEmployeeJPanel - ManageEmployeeJPanel successfully loaded
[INFO ] 2019-12-06 22:35:33.274 [AWT-EventQueue-0] ManageEmployeeJPanel - Employee created successfully.
[INFO ] 2019-12-06 22:35:42.373 [AWT-EventQueue-0] ManageEmployeeJPanel - Employee created successfully.
[INFO ] 2019-12-06 22:35:58.907 [AWT-EventQueue-0] ManageEmployeeJPanel - Employee created successfully.
[INFO ] 2019-12-06 22:36:03.842 [AWT-EventQueue-0] ManageUserAccountJPanel - ManageUserAccountJPanel loaded successfully
[INFO ] 2019-12-06 22:52:57.439 [pool-4-thread-1] ManageUserAccountJPanel - Send email task started
[INFO ] 2019-12-06 22:52:59.269 [AWT-EventQueue-0] ManageUserAccountJPanel - User created successfully. Please check email for login credentials.
[INFO ] 2019-12-06 22:53:22.152 [pool-5-thread-1] ManageUserAccountJPanel - Send email task started
[INFO ] 2019-12-06 22:53:24.345 [AWT-EventQueue-0] ManageUserAccountJPanel - User created successfully. Please check email for login credentials.
[INFO ] 2019-12-06 22:53:28.333 [AWT-EventQueue-0] ManageUserAccountJPanel - ManageUserAccountJPanel loaded successfully
[INFO ] 2019-12-06 22:54:42.243 [AWT-EventQueue-0] ManageUserAccountJPanel - ManageUserAccountJPanel loaded successfully
[INFO ] 2019-12-06 22:54:46.966 [AWT-EventQueue-0] ManageEmployeeJPanel - ManageEmployeeJPanel successfully loaded
[INFO ] 2019-12-06 22:54:52.605 [AWT-EventQueue-0] ManageOrganizationJPanel - ManageOrganizationJPanel loaded successfully
[INFO ] 2019-12-06 22:54:58.470 [AWT-EventQueue-0] ManageOrganizationJPanel - Organization name is invalid. Only alphanumeric characters are allowed. Please check
[INFO ] 2019-12-06 22:55:06.553 [AWT-EventQueue-0] ManageOrganizationJPanel - Organization created successfully
[INFO ] 2019-12-06 22:55:09.612 [AWT-EventQueue-0] ManageUserAccountJPanel - ManageUserAccountJPanel loaded successfully
[INFO ] 2019-12-06 22:55:21.732 [AWT-EventQueue-0] ManageEmployeeJPanel - ManageEmployeeJPanel successfully loaded
[INFO ] 2019-12-06 22:55:32.973 [AWT-EventQueue-0] ManageEmployeeJPanel - Employee created successfully.
[INFO ] 2019-12-06 22:55:42.165 [AWT-EventQueue-0] ManageEmployeeJPanel - Employee created successfully.
[INFO ] 2019-12-06 22:55:50.016 [AWT-EventQueue-0] ManageUserAccountJPanel - ManageUserAccountJPanel loaded successfully
[INFO ] 2019-12-06 22:56:20.507 [pool-6-thread-1] ManageUserAccountJPanel - Send email task started
[INFO ] 2019-12-06 22:56:22.191 [AWT-EventQueue-0] ManageUserAccountJPanel - User created successfully. Please check email for login credentials.
[INFO ] 2019-12-06 22:56:24.929 [AWT-EventQueue-0] ManageUserAccountJPanel - ManageUserAccountJPanel loaded successfully
[INFO ] 2019-12-06 22:57:13.965 [AWT-EventQueue-0] PatientWorkAreaJPanel - Doctor assigned to patient!
[INFO ] 2019-12-06 22:57:19.717 [AWT-EventQueue-0] WorkerWorkAreaJPanel - View Order
[INFO ] 2019-12-06 22:57:29.718 [AWT-EventQueue-0] PatientWorkAreaJPanel - Doctor assigned to patient!
[INFO ] 2019-12-06 22:59:03.394 [AWT-EventQueue-0] PatientWorkAreaJPanel - Doctor assigned to patient!
[INFO ] 2019-12-06 22:59:10.227 [AWT-EventQueue-0] WorkerWorkAreaJPanel - View Order
[INFO ] 2019-12-06 23:00:47.403 [AWT-EventQueue-0] ManageUserAccountJPanel - ManageUserAccountJPanel loaded successfully
[INFO ] 2019-12-06 23:01:17.664 [pool-7-thread-1] ManageUserAccountJPanel - Send email task started
[INFO ] 2019-12-06 23:01:19.930 [AWT-EventQueue-0] ManageUserAccountJPanel - User created successfully. Please check email for login credentials.
[INFO ] 2019-12-06 23:02:02.765 [AWT-EventQueue-0] PatientWorkAreaJPanel - Doctor assigned to patient!
[INFO ] 2019-12-06 23:04:19.138 [AWT-EventQueue-0] PatientWorkAreaJPanel - Doctor assigned to patient!
[INFO ] 2019-12-06 23:05:31.268 [AWT-EventQueue-0] PatientWorkAreaJPanel - Doctor assigned to patient!
[INFO ] 2019-12-06 23:05:40.308 [AWT-EventQueue-0] WorkerWorkAreaJPanel - View Order
[INFO ] 2019-12-06 23:06:12.263 [AWT-EventQueue-0] PatientWorkAreaJPanel - Doctor assigned to patient!
[INFO ] 2019-12-06 23:06:23.489 [AWT-EventQueue-0] PatientWorkAreaJPanel - Doctor assigned to patient!
[INFO ] 2019-12-06 23:10:54.778 [AWT-EventQueue-0] PatientWorkAreaJPanel - Doctor assigned to patient!
[INFO ] 2019-12-06 23:11:49.464 [AWT-EventQueue-0] PatientWorkAreaJPanel - Doctor assigned to patient!
[INFO ] 2019-12-07 15:46:43.413 [AWT-EventQueue-0] SystemAdminWorkAreaJPanel - SystemAdminWorkAreaJPanel loaded successfully
[INFO ] 2019-12-07 15:47:08.530 [AWT-EventQueue-0] ManageNetworkJPanel - ManageNetworkJPanel loaded successfully
[INFO ] 2019-12-07 15:47:13.350 [AWT-EventQueue-0] ManageEnterpriseJPanel - ManageEnterpriseJPanel loaded successfully
[INFO ] 2019-12-07 15:48:08.764 [AWT-EventQueue-0] ManageEnterpriseJPanel - Enterprise created successfully.
[INFO ] 2019-12-07 15:48:20.019 [AWT-EventQueue-0] ManageEnterpriseAdminJPanel - ManageEnterpriseAdminJPanel loaded successfully
[INFO ] 2019-12-07 15:48:53.867 [pool-2-thread-1] ManageEnterpriseAdminJPanel - Executor task started
[INFO ] 2019-12-07 15:48:56.242 [AWT-EventQueue-0] ManageEnterpriseAdminJPanel - User created successfully. Please check email for login credentials.
[INFO ] 2019-12-07 15:49:07.487 [AWT-EventQueue-0] ManageEnterpriseJPanel - ManageEnterpriseJPanel loaded successfully
[INFO ] 2019-12-07 15:49:23.199 [AWT-EventQueue-0] ManageEnterpriseJPanel - Enterprise created successfully.
[INFO ] 2019-12-07 15:49:34.096 [AWT-EventQueue-0] ManageEnterpriseAdminJPanel - ManageEnterpriseAdminJPanel loaded successfully
[INFO ] 2019-12-07 15:49:53.336 [AWT-EventQueue-0] ManageEnterpriseAdminJPanel - Email should be in correct format!Format: abc@def.com
[INFO ] 2019-12-07 15:50:02.045 [pool-3-thread-1] ManageEnterpriseAdminJPanel - Executor task started
[INFO ] 2019-12-07 15:50:29.146 [AWT-EventQueue-0] ManageEnterpriseAdminJPanel - User created successfully. Please check email for login credentials.
[INFO ] 2019-12-07 15:50:38.774 [AWT-EventQueue-0] ManageEnterpriseJPanel - ManageEnterpriseJPanel loaded successfully
[INFO ] 2019-12-07 15:50:50.478 [AWT-EventQueue-0] ManageEnterpriseJPanel - Enterprise created successfully.
[INFO ] 2019-12-07 15:51:53.290 [AWT-EventQueue-0] ManageEnterpriseAdminJPanel - ManageEnterpriseAdminJPanel loaded successfully
[INFO ] 2019-12-07 15:52:09.921 [pool-4-thread-1] ManageEnterpriseAdminJPanel - Executor task started
[INFO ] 2019-12-07 15:52:11.699 [AWT-EventQueue-0] ManageEnterpriseAdminJPanel - User created successfully. Please check email for login credentials.
[INFO ] 2019-12-07 15:52:14.495 [AWT-EventQueue-0] ManageEnterpriseJPanel - ManageEnterpriseJPanel loaded successfully
[INFO ] 2019-12-07 15:52:28.021 [AWT-EventQueue-0] ManageEnterpriseJPanel - Enterprise created successfully.
[INFO ] 2019-12-07 15:52:30.761 [AWT-EventQueue-0] ManageEnterpriseAdminJPanel - ManageEnterpriseAdminJPanel loaded successfully
[INFO ] 2019-12-07 15:52:55.046 [pool-5-thread-1] ManageEnterpriseAdminJPanel - Executor task started
[INFO ] 2019-12-07 15:52:57.285 [AWT-EventQueue-0] ManageEnterpriseAdminJPanel - User created successfully. Please check email for login credentials.
[INFO ] 2019-12-07 15:53:11.438 [AWT-EventQueue-0] ManageEnterpriseJPanel - ManageEnterpriseJPanel loaded successfully
[INFO ] 2019-12-07 15:53:26.242 [AWT-EventQueue-0] ManageEnterpriseJPanel - Enterprise created successfully.
[INFO ] 2019-12-07 15:53:28.592 [AWT-EventQueue-0] ManageEnterpriseAdminJPanel - ManageEnterpriseAdminJPanel loaded successfully
[INFO ] 2019-12-07 15:53:39.908 [pool-6-thread-1] ManageEnterpriseAdminJPanel - Executor task started
[INFO ] 2019-12-07 15:53:41.263 [AWT-EventQueue-0] ManageEnterpriseAdminJPanel - User created successfully. Please check email for login credentials.
[INFO ] 2019-12-07 15:53:49.809 [AWT-EventQueue-0] ManageEnterpriseAdminJPanel - ManageEnterpriseAdminJPanel loaded successfully
[INFO ] 2019-12-07 15:54:17.701 [AWT-EventQueue-0] ManageEnterpriseAdminJPanel - Account with the username passed already exists in the system! Please check
[INFO ] 2019-12-07 15:54:31.304 [AWT-EventQueue-0] ManageEnterpriseJPanel - ManageEnterpriseJPanel loaded successfully
[INFO ] 2019-12-07 15:56:56.274 [AWT-EventQueue-0] ManageOrganizationJPanel - ManageOrganizationJPanel loaded successfully
[INFO ] 2019-12-07 15:57:22.227 [AWT-EventQueue-0] ManageOrganizationJPanel - Organization created successfully
[INFO ] 2019-12-07 15:57:28.774 [AWT-EventQueue-0] ManageEmployeeJPanel - ManageEmployeeJPanel successfully loaded
[INFO ] 2019-12-07 15:57:40.034 [AWT-EventQueue-0] ManageEmployeeJPanel - Employee created successfully.
[INFO ] 2019-12-07 15:58:19.884 [AWT-EventQueue-0] ManageUserAccountJPanel - ManageUserAccountJPanel loaded successfully
[INFO ] 2019-12-07 15:58:45.921 [pool-7-thread-1] ManageUserAccountJPanel - Send email task started
[INFO ] 2019-12-07 15:58:47.964 [AWT-EventQueue-0] ManageUserAccountJPanel - User created successfully. Please check email for login credentials.
[INFO ] 2019-12-07 15:58:57.189 [AWT-EventQueue-0] ManageOrganizationJPanel - ManageOrganizationJPanel loaded successfully
[INFO ] 2019-12-07 15:59:07.232 [AWT-EventQueue-0] ManageOrganizationJPanel - Organization created successfully
[INFO ] 2019-12-07 15:59:09.767 [AWT-EventQueue-0] ManageEmployeeJPanel - ManageEmployeeJPanel successfully loaded
[INFO ] 2019-12-07 15:59:27.483 [AWT-EventQueue-0] ManageEmployeeJPanel - Employee created successfully.
[INFO ] 2019-12-07 15:59:33.555 [AWT-EventQueue-0] ManageUserAccountJPanel - ManageUserAccountJPanel loaded successfully
[INFO ] 2019-12-07 16:00:01.484 [pool-8-thread-1] ManageUserAccountJPanel - Send email task started
[INFO ] 2019-12-07 16:00:02.910 [AWT-EventQueue-0] ManageUserAccountJPanel - User created successfully. Please check email for login credentials.
[INFO ] 2019-12-07 16:00:07.908 [AWT-EventQueue-0] ManageUserAccountJPanel - ManageUserAccountJPanel loaded successfully
[INFO ] 2019-12-07 16:01:17.517 [AWT-EventQueue-0] ManageEmployeeJPanel - ManageEmployeeJPanel successfully loaded
[INFO ] 2019-12-07 16:01:29.910 [AWT-EventQueue-0] ManageEmployeeJPanel - Employee created successfully.
[INFO ] 2019-12-07 16:01:36.553 [AWT-EventQueue-0] ManageEmployeeJPanel - Employee created successfully.
[INFO ] 2019-12-07 16:01:41.610 [AWT-EventQueue-0] ManageEmployeeJPanel - Employee created successfully.
[INFO ] 2019-12-07 16:01:46.341 [AWT-EventQueue-0] ManageEmployeeJPanel - Employee created successfully.
[INFO ] 2019-12-07 16:01:52.729 [AWT-EventQueue-0] ManageUserAccountJPanel - ManageUserAccountJPanel loaded successfully
[INFO ] 2019-12-07 16:02:08.134 [pool-9-thread-1] ManageUserAccountJPanel - Send email task started
[INFO ] 2019-12-07 16:02:09.874 [AWT-EventQueue-0] ManageUserAccountJPanel - User created successfully. Please check email for login credentials.
[INFO ] 2019-12-07 16:02:44.045 [pool-10-thread-1] ManageUserAccountJPanel - Send email task started
[INFO ] 2019-12-07 16:02:45.505 [AWT-EventQueue-0] ManageUserAccountJPanel - User created successfully. Please check email for login credentials.
[INFO ] 2019-12-07 16:02:56.627 [pool-11-thread-1] ManageUserAccountJPanel - Send email task started
[INFO ] 2019-12-07 16:02:57.903 [AWT-EventQueue-0] ManageUserAccountJPanel - User created successfully. Please check email for login credentials.
[INFO ] 2019-12-07 16:03:15.893 [pool-12-thread-1] ManageUserAccountJPanel - Send email task started
[INFO ] 2019-12-07 16:03:17.199 [AWT-EventQueue-0] ManageUserAccountJPanel - User created successfully. Please check email for login credentials.
[INFO ] 2019-12-07 16:03:21.898 [AWT-EventQueue-0] ManageEmployeeJPanel - ManageEmployeeJPanel successfully loaded
[INFO ] 2019-12-07 16:03:42.991 [AWT-EventQueue-0] ManageEmployeeJPanel - Employee created successfully.
[INFO ] 2019-12-07 16:03:49.725 [AWT-EventQueue-0] ManageEmployeeJPanel - Employee created successfully.
[INFO ] 2019-12-07 16:04:19.249 [AWT-EventQueue-0] ManageEmployeeJPanel - Employee created successfully.
[INFO ] 2019-12-07 16:04:22.756 [AWT-EventQueue-0] ManageUserAccountJPanel - ManageUserAccountJPanel loaded successfully
[INFO ] 2019-12-07 16:04:36.725 [AWT-EventQueue-0] ManageEmployeeJPanel - ManageEmployeeJPanel successfully loaded
[INFO ] 2019-12-07 16:04:58.604 [AWT-EventQueue-0] ManageEmployeeJPanel - Employee created successfully.
[INFO ] 2019-12-07 16:05:10.612 [AWT-EventQueue-0] ManageEmployeeJPanel - Employee created successfully.
[INFO ] 2019-12-07 16:05:13.943 [AWT-EventQueue-0] ManageUserAccountJPanel - ManageUserAccountJPanel loaded successfully
[INFO ] 2019-12-07 16:06:06.895 [pool-13-thread-1] ManageUserAccountJPanel - Send email task started
[INFO ] 2019-12-07 16:06:08.551 [AWT-EventQueue-0] ManageUserAccountJPanel - User created successfully. Please check email for login credentials.
[INFO ] 2019-12-07 16:06:41.040 [pool-14-thread-1] ManageUserAccountJPanel - Send email task started
[INFO ] 2019-12-07 16:06:42.513 [AWT-EventQueue-0] ManageUserAccountJPanel - User created successfully. Please check email for login credentials.
[INFO ] 2019-12-07 16:07:06.650 [pool-15-thread-1] ManageUserAccountJPanel - Send email task started
[INFO ] 2019-12-07 16:07:08.524 [AWT-EventQueue-0] ManageUserAccountJPanel - User created successfully. Please check email for login credentials.
[INFO ] 2019-12-07 16:07:24.376 [pool-16-thread-1] ManageUserAccountJPanel - Send email task started
[INFO ] 2019-12-07 16:07:26.241 [AWT-EventQueue-0] ManageUserAccountJPanel - User created successfully. Please check email for login credentials.
[INFO ] 2019-12-07 16:08:55.320 [AWT-EventQueue-0] ManageOrganizationJPanel - ManageOrganizationJPanel loaded successfully
[INFO ] 2019-12-07 16:09:04.982 [AWT-EventQueue-0] ManageOrganizationJPanel - Organization created successfully
[INFO ] 2019-12-07 16:09:16.369 [AWT-EventQueue-0] ManageOrganizationJPanel - ManageOrganizationJPanel loaded successfully
[INFO ] 2019-12-07 16:09:28.245 [AWT-EventQueue-0] ManageEmployeeJPanel - ManageEmployeeJPanel successfully loaded
[INFO ] 2019-12-07 16:10:01.349 [AWT-EventQueue-0] ManageEmployeeJPanel - Employee created successfully.
[INFO ] 2019-12-07 16:10:17.254 [AWT-EventQueue-0] ManageEmployeeJPanel - Employee created successfully.
[INFO ] 2019-12-07 16:10:21.649 [AWT-EventQueue-0] ManageEmployeeJPanel - Employee created successfully.
[INFO ] 2019-12-07 16:10:36.104 [AWT-EventQueue-0] ManageEmployeeJPanel - Employee created successfully.
[INFO ] 2019-12-07 16:10:48.238 [AWT-EventQueue-0] ManageEmployeeJPanel - Employee created successfully.
[INFO ] 2019-12-07 16:10:56.328 [AWT-EventQueue-0] ManageEmployeeJPanel - ManageEmployeeJPanel successfully loaded
[INFO ] 2019-12-07 16:11:48.852 [AWT-EventQueue-0] ManageUserAccountJPanel - ManageUserAccountJPanel loaded successfully
[INFO ] 2019-12-07 16:12:05.102 [pool-17-thread-1] ManageUserAccountJPanel - Send email task started
[INFO ] 2019-12-07 16:12:07.767 [AWT-EventQueue-0] ManageUserAccountJPanel - User created successfully. Please check email for login credentials.
[INFO ] 2019-12-07 16:12:39.591 [pool-18-thread-1] ManageUserAccountJPanel - Send email task started
[INFO ] 2019-12-07 16:12:40.962 [AWT-EventQueue-0] ManageUserAccountJPanel - User created successfully. Please check email for login credentials.
[INFO ] 2019-12-07 16:12:53.975 [pool-19-thread-1] ManageUserAccountJPanel - Send email task started
[INFO ] 2019-12-07 16:12:56.142 [AWT-EventQueue-0] ManageUserAccountJPanel - User created successfully. Please check email for login credentials.
[INFO ] 2019-12-07 16:13:13.186 [pool-20-thread-1] ManageUserAccountJPanel - Send email task started
[INFO ] 2019-12-07 16:13:14.599 [AWT-EventQueue-0] ManageUserAccountJPanel - User created successfully. Please check email for login credentials.
[INFO ] 2019-12-07 16:13:34.094 [pool-21-thread-1] ManageUserAccountJPanel - Send email task started
[INFO ] 2019-12-07 16:13:35.501 [AWT-EventQueue-0] ManageUserAccountJPanel - User created successfully. Please check email for login credentials.
[INFO ] 2019-12-07 16:13:40.049 [AWT-EventQueue-0] ManageOrganizationJPanel - ManageOrganizationJPanel loaded successfully
[INFO ] 2019-12-07 16:13:49.859 [AWT-EventQueue-0] ManageOrganizationJPanel - Organization created successfully
[INFO ] 2019-12-07 16:13:52.404 [AWT-EventQueue-0] ManageEmployeeJPanel - ManageEmployeeJPanel successfully loaded
[INFO ] 2019-12-07 16:14:01.362 [AWT-EventQueue-0] ManageEmployeeJPanel - Employee created successfully.
[INFO ] 2019-12-07 16:14:09.776 [AWT-EventQueue-0] ManageEmployeeJPanel - Employee created successfully.
[INFO ] 2019-12-07 16:14:22.552 [AWT-EventQueue-0] ManageEmployeeJPanel - Employee created successfully.
[INFO ] 2019-12-07 16:14:41.020 [AWT-EventQueue-0] ManageEmployeeJPanel - Employee created successfully.
[INFO ] 2019-12-07 16:15:06.548 [AWT-EventQueue-0] ManageEmployeeJPanel - Employee created successfully.
[INFO ] 2019-12-07 16:15:10.531 [AWT-EventQueue-0] ManageEmployeeJPanel - ManageEmployeeJPanel successfully loaded
[INFO ] 2019-12-07 16:15:18.047 [AWT-EventQueue-0] ManageUserAccountJPanel - ManageUserAccountJPanel loaded successfully
[INFO ] 2019-12-07 16:15:34.454 [pool-22-thread-1] ManageUserAccountJPanel - Send email task started
[INFO ] 2019-12-07 16:15:35.914 [AWT-EventQueue-0] ManageUserAccountJPanel - User created successfully. Please check email for login credentials.
[INFO ] 2019-12-07 16:15:53.441 [pool-23-thread-1] ManageUserAccountJPanel - Send email task started
[INFO ] 2019-12-07 16:15:54.709 [AWT-EventQueue-0] ManageUserAccountJPanel - User created successfully. Please check email for login credentials.
[INFO ] 2019-12-07 16:17:02.933 [pool-24-thread-1] ManageUserAccountJPanel - Send email task started
[INFO ] 2019-12-07 16:17:04.458 [AWT-EventQueue-0] ManageUserAccountJPanel - User created successfully. Please check email for login credentials.
[INFO ] 2019-12-07 16:17:22.382 [pool-25-thread-1] ManageUserAccountJPanel - Send email task started
[INFO ] 2019-12-07 16:17:23.632 [AWT-EventQueue-0] ManageUserAccountJPanel - User created successfully. Please check email for login credentials.
[INFO ] 2019-12-07 16:17:38.786 [pool-26-thread-1] ManageUserAccountJPanel - Send email task started
[INFO ] 2019-12-07 16:17:40.135 [AWT-EventQueue-0] ManageUserAccountJPanel - User created successfully. Please check email for login credentials.
[INFO ] 2019-12-07 16:17:46.404 [AWT-EventQueue-0] ManageUserAccountJPanel - ManageUserAccountJPanel loaded successfully
[INFO ] 2019-12-07 16:17:53.482 [AWT-EventQueue-0] ManageUserAccountJPanel - ManageUserAccountJPanel loaded successfully
[INFO ] 2019-12-07 16:18:52.172 [AWT-EventQueue-0] ManageOrganizationJPanel - ManageOrganizationJPanel loaded successfully
[INFO ] 2019-12-07 16:19:10.550 [AWT-EventQueue-0] ManageOrganizationJPanel - Organization created successfully
[INFO ] 2019-12-07 16:19:13.312 [AWT-EventQueue-0] ManageEmployeeJPanel - ManageEmployeeJPanel successfully loaded
[INFO ] 2019-12-07 16:19:19.492 [AWT-EventQueue-0] ManageEmployeeJPanel - Employee created successfully.
[INFO ] 2019-12-07 16:19:24.165 [AWT-EventQueue-0] ManageEmployeeJPanel - Employee created successfully.
[INFO ] 2019-12-07 16:19:28.758 [AWT-EventQueue-0] ManageEmployeeJPanel - Employee created successfully.
[INFO ] 2019-12-07 16:19:33.625 [AWT-EventQueue-0] ManageEmployeeJPanel - Employee created successfully.
[INFO ] 2019-12-07 16:19:38.937 [AWT-EventQueue-0] ManageEmployeeJPanel - Employee created successfully.
[INFO ] 2019-12-07 16:19:42.077 [AWT-EventQueue-0] ManageUserAccountJPanel - ManageUserAccountJPanel loaded successfully
[INFO ] 2019-12-07 16:20:02.377 [pool-27-thread-1] ManageUserAccountJPanel - Send email task started
[INFO ] 2019-12-07 16:20:03.821 [AWT-EventQueue-0] ManageUserAccountJPanel - User created successfully. Please check email for login credentials.
[INFO ] 2019-12-07 16:20:16.652 [pool-28-thread-1] ManageUserAccountJPanel - Send email task started
[INFO ] 2019-12-07 16:20:17.751 [AWT-EventQueue-0] ManageUserAccountJPanel - User created successfully. Please check email for login credentials.
[INFO ] 2019-12-07 16:20:29.923 [pool-29-thread-1] ManageUserAccountJPanel - Send email task started
[INFO ] 2019-12-07 16:20:31.696 [AWT-EventQueue-0] ManageUserAccountJPanel - User created successfully. Please check email for login credentials.
[INFO ] 2019-12-07 16:20:43.695 [pool-30-thread-1] ManageUserAccountJPanel - Send email task started
[INFO ] 2019-12-07 16:20:45.185 [AWT-EventQueue-0] ManageUserAccountJPanel - User created successfully. Please check email for login credentials.
[INFO ] 2019-12-07 16:21:05.736 [pool-31-thread-1] ManageUserAccountJPanel - Send email task started
[INFO ] 2019-12-07 16:21:06.850 [AWT-EventQueue-0] ManageUserAccountJPanel - User created successfully. Please check email for login credentials.
[INFO ] 2019-12-07 16:21:27.048 [AWT-EventQueue-0] ManageOrganizationJPanel - ManageOrganizationJPanel loaded successfully
[INFO ] 2019-12-07 16:21:36.860 [AWT-EventQueue-0] ManageOrganizationJPanel - Organization created successfully
[INFO ] 2019-12-07 16:21:41.433 [AWT-EventQueue-0] ManageEmployeeJPanel - ManageEmployeeJPanel successfully loaded
[INFO ] 2019-12-07 16:21:48.418 [AWT-EventQueue-0] ManageEmployeeJPanel - Employee created successfully.
[INFO ] 2019-12-07 16:21:53.414 [AWT-EventQueue-0] ManageEmployeeJPanel - Employee created successfully.
[INFO ] 2019-12-07 16:21:59.004 [AWT-EventQueue-0] ManageEmployeeJPanel - Employee created successfully.
[INFO ] 2019-12-07 16:22:05.739 [AWT-EventQueue-0] ManageEmployeeJPanel - Employee created successfully.
[INFO ] 2019-12-07 16:22:11.709 [AWT-EventQueue-0] ManageEmployeeJPanel - Employee created successfully.
[INFO ] 2019-12-07 16:22:43.521 [AWT-EventQueue-0] ManageUserAccountJPanel - ManageUserAccountJPanel loaded successfully
[INFO ] 2019-12-07 16:23:06.300 [pool-32-thread-1] ManageUserAccountJPanel - Send email task started
[INFO ] 2019-12-07 16:23:07.691 [AWT-EventQueue-0] ManageUserAccountJPanel - User created successfully. Please check email for login credentials.
[INFO ] 2019-12-07 16:23:15.335 [pool-33-thread-1] ManageUserAccountJPanel - Send email task started
[INFO ] 2019-12-07 16:23:16.445 [AWT-EventQueue-0] ManageUserAccountJPanel - User created successfully. Please check email for login credentials.
[INFO ] 2019-12-07 16:23:30.525 [pool-34-thread-1] ManageUserAccountJPanel - Send email task started
[INFO ] 2019-12-07 16:23:31.699 [AWT-EventQueue-0] ManageUserAccountJPanel - User created successfully. Please check email for login credentials.
[INFO ] 2019-12-07 16:23:43.157 [pool-35-thread-1] ManageUserAccountJPanel - Send email task started
[INFO ] 2019-12-07 16:23:44.420 [AWT-EventQueue-0] ManageUserAccountJPanel - User created successfully. Please check email for login credentials.
[INFO ] 2019-12-07 16:23:57.701 [pool-36-thread-1] ManageUserAccountJPanel - Send email task started
[INFO ] 2019-12-07 16:23:59.433 [AWT-EventQueue-0] ManageUserAccountJPanel - User created successfully. Please check email for login credentials.
[INFO ] 2019-12-07 16:24:17.341 [AWT-EventQueue-0] ManageUserAccountJPanel - ManageUserAccountJPanel loaded successfully
[INFO ] 2019-12-07 16:24:49.746 [AWT-EventQueue-0] SystemAdminWorkAreaJPanel - SystemAdminWorkAreaJPanel loaded successfully
[INFO ] 2019-12-07 16:24:51.736 [AWT-EventQueue-0] ManageEnterpriseJPanel - ManageEnterpriseJPanel loaded successfully
[INFO ] 2019-12-07 16:25:32.610 [AWT-EventQueue-0] ManageEnterpriseJPanel - Enterprise created successfully.
[INFO ] 2019-12-07 16:25:54.654 [AWT-EventQueue-0] ManageEnterpriseAdminJPanel - ManageEnterpriseAdminJPanel loaded successfully
[INFO ] 2019-12-07 16:26:19.864 [pool-37-thread-1] ManageEnterpriseAdminJPanel - Executor task started
[INFO ] 2019-12-07 16:26:21.765 [AWT-EventQueue-0] ManageEnterpriseAdminJPanel - User created successfully. Please check email for login credentials.
[INFO ] 2019-12-07 16:27:25.342 [AWT-EventQueue-0] ManageOrganizationJPanel - ManageOrganizationJPanel loaded successfully
[INFO ] 2019-12-07 16:27:34.384 [AWT-EventQueue-0] ManageOrganizationJPanel - Organization created successfully
[INFO ] 2019-12-07 16:27:36.541 [AWT-EventQueue-0] ManageEmployeeJPanel - ManageEmployeeJPanel successfully loaded
[INFO ] 2019-12-07 16:27:43.430 [AWT-EventQueue-0] ManageEmployeeJPanel - Employee created successfully.
[INFO ] 2019-12-07 16:27:48.591 [AWT-EventQueue-0] ManageEmployeeJPanel - Employee created successfully.
[INFO ] 2019-12-07 16:27:53.235 [AWT-EventQueue-0] ManageEmployeeJPanel - Employee created successfully.
[INFO ] 2019-12-07 16:27:59.227 [AWT-EventQueue-0] ManageEmployeeJPanel - Employee created successfully.
[INFO ] 2019-12-07 16:28:03.482 [AWT-EventQueue-0] ManageEmployeeJPanel - Employee created successfully.
[INFO ] 2019-12-07 16:28:06.179 [AWT-EventQueue-0] ManageEmployeeJPanel - ManageEmployeeJPanel successfully loaded
[INFO ] 2019-12-07 16:28:09.107 [AWT-EventQueue-0] ManageUserAccountJPanel - ManageUserAccountJPanel loaded successfully
[INFO ] 2019-12-07 16:28:21.722 [pool-38-thread-1] ManageUserAccountJPanel - Send email task started
[INFO ] 2019-12-07 16:28:23.204 [AWT-EventQueue-0] ManageUserAccountJPanel - User created successfully. Please check email for login credentials.
[INFO ] 2019-12-07 16:28:52.819 [pool-39-thread-1] ManageUserAccountJPanel - Send email task started
[INFO ] 2019-12-07 16:28:54.080 [AWT-EventQueue-0] ManageUserAccountJPanel - User created successfully. Please check email for login credentials.
[INFO ] 2019-12-07 16:29:08.491 [pool-40-thread-1] ManageUserAccountJPanel - Send email task started
[INFO ] 2019-12-07 16:29:09.777 [AWT-EventQueue-0] ManageUserAccountJPanel - User created successfully. Please check email for login credentials.
[INFO ] 2019-12-07 16:29:26.712 [pool-41-thread-1] ManageUserAccountJPanel - Send email task started
[INFO ] 2019-12-07 16:29:27.951 [AWT-EventQueue-0] ManageUserAccountJPanel - User created successfully. Please check email for login credentials.
[INFO ] 2019-12-07 16:29:37.304 [pool-42-thread-1] ManageUserAccountJPanel - Send email task started
[INFO ] 2019-12-07 16:29:38.608 [AWT-EventQueue-0] ManageUserAccountJPanel - User created successfully. Please check email for login credentials.
[INFO ] 2019-12-07 16:30:07.136 [AWT-EventQueue-0] ManageUserAccountJPanel - ManageUserAccountJPanel loaded successfully
[INFO ] 2019-12-07 16:31:10.309 [AWT-EventQueue-0] ManageUserAccountJPanel - ManageUserAccountJPanel loaded successfully
[INFO ] 2019-12-07 16:38:46.138 [AWT-EventQueue-0] ManageEmployeeJPanel - ManageEmployeeJPanel successfully loaded
[INFO ] 2019-12-07 16:38:50.313 [AWT-EventQueue-0] ManageOrganizationJPanel - ManageOrganizationJPanel loaded successfully
[INFO ] 2019-12-07 16:38:52.945 [AWT-EventQueue-0] ManageUserAccountJPanel - ManageUserAccountJPanel loaded successfully
[INFO ] 2019-12-07 16:39:28.181 [AWT-EventQueue-0] SystemAdminWorkAreaJPanel - SystemAdminWorkAreaJPanel loaded successfully
[INFO ] 2019-12-07 16:39:34.032 [AWT-EventQueue-0] ManageEnterpriseJPanel - ManageEnterpriseJPanel loaded successfully
[INFO ] 2019-12-07 16:39:41.780 [AWT-EventQueue-0] ManageEnterpriseAdminJPanel - ManageEnterpriseAdminJPanel loaded successfully
[INFO ] 2019-12-07 16:41:51.380 [AWT-EventQueue-0] ManageOrganizationJPanel - ManageOrganizationJPanel loaded successfully
[INFO ] 2019-12-07 16:42:02.660 [AWT-EventQueue-0] ManageEmployeeJPanel - ManageEmployeeJPanel successfully loaded
[INFO ] 2019-12-07 16:52:43.697 [AWT-EventQueue-0] SystemAdminWorkAreaJPanel - SystemAdminWorkAreaJPanel loaded successfully
[INFO ] 2019-12-07 16:52:49.976 [AWT-EventQueue-0] ManageEnterpriseJPanel - ManageEnterpriseJPanel loaded successfully
[INFO ] 2019-12-07 16:53:01.779 [AWT-EventQueue-0] ManageEnterpriseJPanel - Enterprise created successfully.
[INFO ] 2019-12-07 16:53:05.000 [AWT-EventQueue-0] ManageEnterpriseAdminJPanel - ManageEnterpriseAdminJPanel loaded successfully
[INFO ] 2019-12-07 16:53:33.254 [AWT-EventQueue-0] ManageEnterpriseAdminJPanel - Email should be in correct format! Format: abc@def.com
[INFO ] 2019-12-07 16:53:45.233 [pool-2-thread-1] ManageEnterpriseAdminJPanel - Executor task started
[INFO ] 2019-12-07 16:53:46.679 [AWT-EventQueue-0] ManageEnterpriseAdminJPanel - User created successfully. Please check email for login credentials.
